<?xml version="1.0" encoding="UTF-8"?>
<coverage generated="1780492861629" clover="3.2.0">
  <project timestamp="1780492861629" name="All files">
    <metrics statements="781" coveredstatements="757" conditionals="520" coveredconditionals="441" methods="158" coveredmethods="155" elements="1459" coveredelements="1353" complexity="0" loc="781" ncloc="781" packages="10" files="14" classes="14"/>
    <package name="app.api.auth.check">
      <metrics statements="9" coveredstatements="9" conditionals="4" coveredconditionals="4" methods="1" coveredmethods="1"/>
      <file name="route.ts" path="/Users/shenux/Desktop/Shopbook/shopbook-pos/web/src/app/api/auth/check/route.ts">
        <metrics statements="9" coveredstatements="9" conditionals="4" coveredconditionals="4" methods="1" coveredmethods="1"/>
        <line num="4" count="4" type="stmt"/>
        <line num="5" count="4" type="stmt"/>
        <line num="6" count="4" type="stmt"/>
        <line num="14" count="2" type="cond" truecount="2" falsecount="0"/>
        <line num="15" count="1" type="stmt"/>
        <line num="16" count="1" type="stmt"/>
        <line num="19" count="1" type="stmt"/>
        <line num="20" count="1" type="stmt"/>
        <line num="22" count="2" type="cond" truecount="2" falsecount="0"/>
      </file>
    </package>
    <package name="app.api.auth.verify">
      <metrics statements="13" coveredstatements="13" conditionals="6" coveredconditionals="5" methods="1" coveredmethods="1"/>
      <file name="route.ts" path="/Users/shenux/Desktop/Shopbook/shopbook-pos/web/src/app/api/auth/verify/route.ts">
        <metrics statements="13" coveredstatements="13" conditionals="6" coveredconditionals="5" methods="1" coveredmethods="1"/>
        <line num="4" count="4" type="stmt"/>
        <line num="5" count="4" type="stmt"/>
        <line num="6" count="4" type="stmt"/>
        <line num="8" count="4" type="stmt"/>
        <line num="11" count="4" type="cond" truecount="2" falsecount="0"/>
        <line num="12" count="1" type="stmt"/>
        <line num="15" count="4" type="stmt"/>
        <line num="21" count="3" type="cond" truecount="2" falsecount="0"/>
        <line num="22" count="1" type="stmt"/>
        <line num="23" count="1" type="stmt"/>
        <line num="26" count="2" type="stmt"/>
        <line num="27" count="2" type="stmt"/>
        <line num="29" count="1" type="cond" truecount="1" falsecount="1"/>
      </file>
    </package>
    <package name="components">
      <metrics statements="61" coveredstatements="60" conditionals="41" coveredconditionals="37" methods="11" coveredmethods="11"/>
      <file name="Scanner.tsx" path="/Users/shenux/Desktop/Shopbook/shopbook-pos/web/src/components/Scanner.tsx">
        <metrics statements="61" coveredstatements="60" conditionals="41" coveredconditionals="37" methods="11" coveredmethods="11"/>
        <line num="9" count="2" type="stmt"/>
        <line num="10" count="14" type="stmt"/>
        <line num="11" count="14" type="stmt"/>
        <line num="12" count="14" type="stmt"/>
        <line num="13" count="14" type="stmt"/>
        <line num="14" count="14" type="stmt"/>
        <line num="16" count="14" type="stmt"/>
        <line num="19" count="8" type="cond" truecount="5" falsecount="0"/>
        <line num="20" count="1" type="stmt"/>
        <line num="21" count="1" type="stmt"/>
        <line num="22" count="1" type="stmt"/>
        <line num="24" count="7" type="stmt"/>
        <line num="25" count="7" type="stmt"/>
        <line num="28" count="4" type="stmt"/>
        <line num="29" count="4" type="cond" truecount="1" falsecount="1"/>
        <line num="30" count="0" type="stmt"/>
        <line num="32" count="4" type="stmt"/>
        <line num="33" count="4" type="stmt"/>
        <line num="35" count="1" type="stmt"/>
        <line num="36" count="1" type="stmt"/>
        <line num="37" count="1" type="stmt"/>
        <line num="41" count="8" type="stmt"/>
        <line num="43" count="8" type="stmt"/>
        <line num="45" count="8" type="cond" truecount="2" falsecount="0"/>
        <line num="46" count="4" type="stmt"/>
        <line num="48" count="8" type="cond" truecount="2" falsecount="0"/>
        <line num="49" count="2" type="stmt"/>
        <line num="54" count="14" type="stmt"/>
        <line num="56" count="4" type="cond" truecount="2" falsecount="0"/>
        <line num="58" count="4" type="cond" truecount="2" falsecount="0"/>
        <line num="59" count="2" type="stmt"/>
        <line num="63" count="2" type="stmt"/>
        <line num="64" count="1" type="cond" truecount="3" falsecount="1"/>
        <line num="65" count="1" type="stmt"/>
        <line num="66" count="1" type="stmt"/>
        <line num="67" count="1" type="cond" truecount="1" falsecount="1"/>
        <line num="68" count="1" type="stmt"/>
        <line num="69" count="1" type="cond" truecount="1" falsecount="1"/>
        <line num="70" count="1" type="stmt"/>
        <line num="81" count="2" type="stmt"/>
        <line num="85" count="14" type="stmt"/>
        <line num="143" count="2" type="stmt"/>
        <line num="144" count="163" type="stmt"/>
        <line num="145" count="145" type="stmt"/>
        <line num="146" count="145" type="stmt"/>
        <line num="148" count="145" type="stmt"/>
        <line num="150" count="67" type="cond" truecount="6" falsecount="0"/>
        <line num="152" count="63" type="stmt"/>
        <line num="153" count="63" type="stmt"/>
        <line num="154" count="63" type="stmt"/>
        <line num="157" count="63" type="cond" truecount="2" falsecount="0"/>
        <line num="158" count="55" type="cond" truecount="2" falsecount="0"/>
        <line num="159" count="9" type="cond" truecount="2" falsecount="0"/>
        <line num="160" count="1" type="stmt"/>
        <line num="161" count="1" type="stmt"/>
        <line num="163" count="9" type="stmt"/>
        <line num="165" count="46" type="stmt"/>
        <line num="169" count="8" type="cond" truecount="2" falsecount="0"/>
        <line num="173" count="145" type="stmt"/>
        <line num="174" count="145" type="stmt"/>
        <line num="178" count="2" type="stmt"/>
      </file>
    </package>
    <package name="components.pos">
      <metrics statements="28" coveredstatements="28" conditionals="30" coveredconditionals="26" methods="13" coveredmethods="13"/>
      <file name="TotalsSummary.tsx" path="/Users/shenux/Desktop/Shopbook/shopbook-pos/web/src/components/pos/TotalsSummary.tsx">
        <metrics statements="28" coveredstatements="28" conditionals="30" coveredconditionals="26" methods="13" coveredmethods="13"/>
        <line num="1" count="1" type="stmt"/>
        <line num="30" count="1" type="stmt"/>
        <line num="54" count="22" type="stmt"/>
        <line num="66" count="2" type="stmt"/>
        <line num="67" count="2" type="cond" truecount="2" falsecount="0"/>
        <line num="68" count="2" type="stmt"/>
        <line num="69" count="2" type="stmt"/>
        <line num="80" count="1" type="stmt"/>
        <line num="82" count="1" type="cond" truecount="1" falsecount="1"/>
        <line num="83" count="1" type="stmt"/>
        <line num="84" count="1" type="stmt"/>
        <line num="96" count="1" type="stmt"/>
        <line num="98" count="6" type="cond" truecount="2" falsecount="0"/>
        <line num="99" count="1" type="stmt"/>
        <line num="100" count="5" type="cond" truecount="5" falsecount="0"/>
        <line num="101" count="3" type="stmt"/>
        <line num="102" count="3" type="stmt"/>
        <line num="103" count="2" type="cond" truecount="3" falsecount="2"/>
        <line num="104" count="2" type="stmt"/>
        <line num="105" count="2" type="stmt"/>
        <line num="111" count="1" type="stmt"/>
        <line num="125" count="1" type="stmt"/>
        <line num="126" count="1" type="stmt"/>
        <line num="127" count="1" type="stmt"/>
        <line num="140" count="1" type="stmt"/>
        <line num="141" count="1" type="cond" truecount="1" falsecount="1"/>
        <line num="146" count="1" type="stmt"/>
        <line num="163" count="1" type="stmt"/>
      </file>
    </package>
    <package name="db">
      <metrics statements="1" coveredstatements="1" conditionals="0" coveredconditionals="0" methods="0" coveredmethods="0"/>
      <file name="schema.ts" path="/Users/shenux/Desktop/Shopbook/shopbook-pos/web/src/db/schema.ts">
        <metrics statements="1" coveredstatements="1" conditionals="0" coveredconditionals="0" methods="0" coveredmethods="0"/>
        <line num="3" count="3" type="stmt"/>
      </file>
    </package>
    <package name="db.__mocks__">
      <metrics statements="9" coveredstatements="9" conditionals="2" coveredconditionals="2" methods="2" coveredmethods="2"/>
      <file name="database.ts" path="/Users/shenux/Desktop/Shopbook/shopbook-pos/web/src/db/__mocks__/database.ts">
        <metrics statements="9" coveredstatements="9" conditionals="2" coveredconditionals="2" methods="2" coveredmethods="2"/>
        <line num="3" count="6" type="stmt"/>
        <line num="4" count="6" type="stmt"/>
        <line num="5" count="6" type="stmt"/>
        <line num="6" count="6" type="stmt"/>
        <line num="9" count="6" type="stmt"/>
        <line num="36" count="6" type="stmt"/>
        <line num="38" count="1" type="cond" truecount="2" falsecount="0"/>
        <line num="43" count="1" type="stmt"/>
        <line num="47" count="6" type="stmt"/>
      </file>
    </package>
    <package name="hooks">
      <metrics statements="449" coveredstatements="426" conditionals="321" coveredconditionals="262" methods="66" coveredmethods="63"/>
      <file name="useActiveDeviceTracker.ts" path="/Users/shenux/Desktop/Shopbook/shopbook-pos/web/src/hooks/useActiveDeviceTracker.ts">
        <metrics statements="91" coveredstatements="89" conditionals="72" coveredconditionals="58" methods="16" coveredmethods="16"/>
        <line num="6" count="1" type="stmt"/>
        <line num="9" count="10" type="stmt"/>
        <line num="10" count="310" type="stmt"/>
        <line num="11" count="310" type="cond" truecount="2" falsecount="0"/>
        <line num="12" count="310" type="stmt"/>
        <line num="17" count="13" type="cond" truecount="1" falsecount="1"/>
        <line num="18" count="13" type="stmt"/>
        <line num="19" count="13" type="stmt"/>
        <line num="20" count="13" type="cond" truecount="2" falsecount="0"/>
        <line num="21" count="12" type="cond" truecount="2" falsecount="0"/>
        <line num="22" count="11" type="cond" truecount="2" falsecount="0"/>
        <line num="23" count="10" type="cond" truecount="1" falsecount="1"/>
        <line num="24" count="10" type="cond" truecount="2" falsecount="0"/>
        <line num="25" count="8" type="cond" truecount="1" falsecount="1"/>
        <line num="27" count="13" type="stmt"/>
        <line num="28" count="13" type="cond" truecount="2" falsecount="0"/>
        <line num="29" count="12" type="cond" truecount="2" falsecount="0"/>
        <line num="30" count="9" type="cond" truecount="2" falsecount="0"/>
        <line num="31" count="8" type="cond" truecount="1" falsecount="1"/>
        <line num="33" count="13" type="stmt"/>
        <line num="40" count="4" type="stmt"/>
        <line num="41" count="4" type="cond" truecount="1" falsecount="1"/>
        <line num="42" count="4" type="stmt"/>
        <line num="43" count="4" type="stmt"/>
        <line num="44" count="4" type="cond" truecount="5" falsecount="0"/>
        <line num="45" count="2" type="stmt"/>
        <line num="50" count="1" type="stmt"/>
        <line num="53" count="1" type="stmt"/>
        <line num="58" count="98" type="stmt"/>
        <line num="59" count="84" type="stmt"/>
        <line num="60" count="28" type="stmt"/>
        <line num="61" count="98" type="stmt"/>
        <line num="62" count="98" type="stmt"/>
        <line num="63" count="98" type="stmt"/>
        <line num="64" count="98" type="stmt"/>
        <line num="66" count="28" type="stmt"/>
        <line num="68" count="28" type="stmt"/>
        <line num="69" count="28" type="cond" truecount="5" falsecount="0"/>
        <line num="70" count="14" type="cond" truecount="1" falsecount="1"/>
        <line num="71" count="0" type="stmt"/>
        <line num="72" count="0" type="stmt"/>
        <line num="74" count="14" type="stmt"/>
        <line num="77" count="14" type="stmt"/>
        <line num="79" count="14" type="stmt"/>
        <line num="80" count="15" type="stmt"/>
        <line num="81" count="15" type="cond" truecount="1" falsecount="1"/>
        <line num="82" count="15" type="cond" truecount="2" falsecount="0"/>
        <line num="83" count="1" type="stmt"/>
        <line num="84" count="1" type="stmt"/>
        <line num="88" count="14" type="stmt"/>
        <line num="89" count="14" type="cond" truecount="2" falsecount="0"/>
        <line num="90" count="10" type="stmt"/>
        <line num="91" count="10" type="stmt"/>
        <line num="95" count="13" type="stmt"/>
        <line num="96" count="13" type="stmt"/>
        <line num="97" count="13" type="cond" truecount="1" falsecount="1"/>
        <line num="98" count="13" type="stmt"/>
        <line num="99" count="13" type="stmt"/>
        <line num="106" count="13" type="stmt"/>
        <line num="107" count="13" type="stmt"/>
        <line num="108" count="13" type="stmt"/>
        <line num="110" count="13" type="stmt"/>
        <line num="111" count="13" type="cond" truecount="2" falsecount="0"/>
        <line num="112" count="3" type="stmt"/>
        <line num="113" count="3" type="stmt"/>
        <line num="118" count="2" type="stmt"/>
        <line num="119" count="2" type="stmt"/>
        <line num="120" count="2" type="cond" truecount="3" falsecount="1"/>
        <line num="121" count="2" type="stmt"/>
        <line num="124" count="10" type="stmt"/>
        <line num="127" count="1" type="cond" truecount="3" falsecount="1"/>
        <line num="128" count="1" type="stmt"/>
        <line num="132" count="13" type="stmt"/>
        <line num="133" count="13" type="cond" truecount="2" falsecount="0"/>
        <line num="135" count="15" type="stmt"/>
        <line num="153" count="15" type="stmt"/>
        <line num="157" count="13" type="cond" truecount="2" falsecount="0"/>
        <line num="158" count="1" type="stmt"/>
        <line num="162" count="13" type="stmt"/>
        <line num="169" count="13" type="cond" truecount="3" falsecount="1"/>
        <line num="170" count="13" type="stmt"/>
        <line num="171" count="13" type="stmt"/>
        <line num="174" count="1" type="stmt"/>
        <line num="179" count="14" type="stmt"/>
        <line num="182" count="14" type="stmt"/>
        <line num="183" count="1" type="cond" truecount="1" falsecount="1"/>
        <line num="186" count="14" type="stmt"/>
        <line num="187" count="14" type="stmt"/>
        <line num="188" count="14" type="cond" truecount="1" falsecount="1"/>
        <line num="189" count="14" type="stmt"/>
        <line num="190" count="14" type="stmt"/>
      </file>
      <file name="usePosBilling.ts" path="/Users/shenux/Desktop/Shopbook/shopbook-pos/web/src/hooks/usePosBilling.ts">
        <metrics statements="358" coveredstatements="337" conditionals="249" coveredconditionals="204" methods="50" coveredmethods="47"/>
        <line num="1" count="1" type="stmt"/>
        <line num="31" count="158" type="stmt"/>
        <line num="36" count="158" type="stmt"/>
        <line num="38" count="476" type="stmt"/>
        <line num="39" count="476" type="cond" truecount="1" falsecount="1"/>
        <line num="40" count="476" type="stmt"/>
        <line num="41" count="476" type="stmt"/>
        <line num="42" count="158" type="stmt"/>
        <line num="43" count="158" type="stmt"/>
        <line num="45" count="456" type="stmt"/>
        <line num="46" count="456" type="stmt"/>
        <line num="47" count="456" type="stmt"/>
        <line num="50" count="158" type="stmt"/>
        <line num="51" count="158" type="stmt"/>
        <line num="52" count="158" type="stmt"/>
        <line num="53" count="158" type="stmt"/>
        <line num="56" count="158" type="stmt"/>
        <line num="57" count="158" type="stmt"/>
        <line num="60" count="158" type="stmt"/>
        <line num="61" count="158" type="stmt"/>
        <line num="62" count="158" type="stmt"/>
        <line num="63" count="158" type="stmt"/>
        <line num="64" count="158" type="stmt"/>
        <line num="67" count="158" type="stmt"/>
        <line num="68" count="158" type="stmt"/>
        <line num="69" count="158" type="stmt"/>
        <line num="70" count="158" type="stmt"/>
        <line num="71" count="158" type="stmt"/>
        <line num="74" count="158" type="stmt"/>
        <line num="75" count="158" type="stmt"/>
        <line num="76" count="158" type="stmt"/>
        <line num="79" count="158" type="stmt"/>
        <line num="80" count="158" type="stmt"/>
        <line num="81" count="158" type="stmt"/>
        <line num="82" count="158" type="stmt"/>
        <line num="83" count="158" type="stmt"/>
        <line num="84" count="158" type="stmt"/>
        <line num="87" count="158" type="stmt"/>
        <line num="88" count="158" type="stmt"/>
        <line num="91" count="158" type="stmt"/>
        <line num="92" count="158" type="stmt"/>
        <line num="93" count="158" type="stmt"/>
        <line num="94" count="158" type="stmt"/>
        <line num="95" count="158" type="stmt"/>
        <line num="96" count="158" type="stmt"/>
        <line num="97" count="158" type="stmt"/>
        <line num="98" count="158" type="stmt"/>
        <line num="99" count="158" type="stmt"/>
        <line num="100" count="158" type="stmt"/>
        <line num="101" count="158" type="stmt"/>
        <line num="109" count="158" type="stmt"/>
        <line num="115" count="158" type="stmt"/>
        <line num="118" count="158" type="stmt"/>
        <line num="119" count="60" type="cond" truecount="2" falsecount="0"/>
        <line num="120" count="33" type="stmt"/>
        <line num="121" count="27" type="cond" truecount="1" falsecount="1"/>
        <line num="122" count="0" type="stmt"/>
        <line num="127" count="158" type="stmt"/>
        <line num="128" count="47" type="cond" truecount="1" falsecount="1"/>
        <line num="129" count="47" type="stmt"/>
        <line num="133" count="158" type="stmt"/>
        <line num="134" count="28" type="stmt"/>
        <line num="135" count="28" type="stmt"/>
        <line num="138" count="158" type="stmt"/>
        <line num="139" count="7" type="stmt"/>
        <line num="141" count="158" type="stmt"/>
        <line num="142" count="5" type="stmt"/>
        <line num="144" count="158" type="cond" truecount="1" falsecount="0"/>
        <line num="145" count="4" type="stmt"/>
        <line num="148" count="158" type="stmt"/>
        <line num="149" count="8" type="cond" truecount="2" falsecount="0"/>
        <line num="150" count="8" type="stmt"/>
        <line num="151" count="8" type="cond" truecount="2" falsecount="0"/>
        <line num="153" count="7" type="stmt"/>
        <line num="154" count="7" type="cond" truecount="2" falsecount="0"/>
        <line num="155" count="1" type="stmt"/>
        <line num="156" count="1" type="stmt"/>
        <line num="157" count="1" type="cond" truecount="3" falsecount="1"/>
        <line num="158" count="1" type="stmt"/>
        <line num="159" count="1" type="stmt"/>
        <line num="163" count="7" type="stmt"/>
        <line num="164" count="7" type="stmt"/>
        <line num="165" count="9" type="cond" truecount="3" falsecount="0"/>
        <line num="168" count="7" type="cond" truecount="2" falsecount="0"/>
        <line num="169" count="1" type="stmt"/>
        <line num="170" count="1" type="stmt"/>
        <line num="171" count="1" type="cond" truecount="1" falsecount="1"/>
        <line num="172" count="0" type="stmt"/>
        <line num="175" count="0" type="stmt"/>
        <line num="179" count="7" type="cond" truecount="2" falsecount="0"/>
        <line num="180" count="6" type="cond" truecount="2" falsecount="0"/>
        <line num="181" count="1" type="stmt"/>
        <line num="182" count="1" type="stmt"/>
        <line num="184" count="5" type="stmt"/>
        <line num="185" count="7" type="cond" truecount="1" falsecount="1"/>
        <line num="187" count="5" type="stmt"/>
        <line num="188" count="5" type="stmt"/>
        <line num="189" count="5" type="stmt"/>
        <line num="191" count="1" type="stmt"/>
        <line num="196" count="158" type="stmt"/>
        <line num="197" count="0" type="cond" truecount="0" falsecount="2"/>
        <line num="199" count="0" type="cond" truecount="0" falsecount="2"/>
        <line num="200" count="0" type="stmt"/>
        <line num="201" count="0" type="stmt"/>
        <line num="202" count="0" type="cond" truecount="0" falsecount="2"/>
        <line num="203" count="0" type="stmt"/>
        <line num="206" count="0" type="stmt"/>
        <line num="210" count="0" type="cond" truecount="0" falsecount="2"/>
        <line num="211" count="0" type="cond" truecount="0" falsecount="2"/>
        <line num="212" count="0" type="stmt"/>
        <line num="213" count="0" type="stmt"/>
        <line num="215" count="0" type="cond" truecount="0" falsecount="2"/>
        <line num="216" count="0" type="stmt"/>
        <line num="217" count="0" type="stmt"/>
        <line num="219" count="0" type="stmt"/>
        <line num="223" count="158" type="stmt"/>
        <line num="226" count="158" type="stmt"/>
        <line num="229" count="158" type="stmt"/>
        <line num="232" count="158" type="stmt"/>
        <line num="233" count="63" type="stmt"/>
        <line num="236" count="158" type="stmt"/>
        <line num="237" count="64" type="cond" truecount="2" falsecount="0"/>
        <line num="238" count="63" type="cond" truecount="2" falsecount="0"/>
        <line num="239" count="62" type="stmt"/>
        <line num="242" count="158" type="stmt"/>
        <line num="243" count="65" type="stmt"/>
        <line num="246" count="158" type="stmt"/>
        <line num="247" count="65" type="stmt"/>
        <line num="250" count="158" type="stmt"/>
        <line num="251" count="69" type="cond" truecount="2" falsecount="0"/>
        <line num="252" count="69" type="stmt"/>
        <line num="255" count="158" type="stmt"/>
        <line num="256" count="16" type="stmt"/>
        <line num="257" count="16" type="stmt"/>
        <line num="258" count="16" type="stmt"/>
        <line num="259" count="16" type="stmt"/>
        <line num="260" count="16" type="stmt"/>
        <line num="261" count="7" type="cond" truecount="2" falsecount="0"/>
        <line num="262" count="6" type="cond" truecount="2" falsecount="0"/>
        <line num="263" count="3" type="cond" truecount="1" falsecount="1"/>
        <line num="267" count="158" type="stmt"/>
        <line num="268" count="94" type="cond" truecount="2" falsecount="0"/>
        <line num="269" count="50" type="cond" truecount="2" falsecount="0"/>
        <line num="270" count="35" type="stmt"/>
        <line num="271" count="35" type="cond" truecount="2" falsecount="0"/>
        <line num="273" count="15" type="cond" truecount="2" falsecount="0"/>
        <line num="274" count="9" type="cond" truecount="3" falsecount="0"/>
        <line num="276" count="6" type="cond" truecount="1" falsecount="1"/>
        <line num="277" count="6" type="stmt"/>
        <line num="279" count="0" type="stmt"/>
        <line num="282" count="158" type="stmt"/>
        <line num="283" count="10" type="cond" truecount="2" falsecount="0"/>
        <line num="284" count="4" type="stmt"/>
        <line num="285" count="4" type="stmt"/>
        <line num="287" count="6" type="cond" truecount="2" falsecount="0"/>
        <line num="288" count="2" type="stmt"/>
        <line num="289" count="2" type="cond" truecount="3" falsecount="1"/>
        <line num="290" count="0" type="cond" truecount="0" falsecount="2"/>
        <line num="291" count="0" type="stmt"/>
        <line num="293" count="4" type="cond" truecount="2" falsecount="0"/>
        <line num="294" count="3" type="cond" truecount="2" falsecount="0"/>
        <line num="295" count="1" type="stmt"/>
        <line num="296" count="1" type="stmt"/>
        <line num="298" count="2" type="cond" truecount="5" falsecount="0"/>
        <line num="299" count="1" type="stmt"/>
        <line num="300" count="1" type="stmt"/>
        <line num="302" count="1" type="cond" truecount="1" falsecount="1"/>
        <line num="303" count="1" type="cond" truecount="1" falsecount="1"/>
        <line num="304" count="1" type="stmt"/>
        <line num="305" count="1" type="stmt"/>
        <line num="308" count="3" type="stmt"/>
        <line num="312" count="158" type="stmt"/>
        <line num="313" count="10" type="cond" truecount="2" falsecount="0"/>
        <line num="314" count="3" type="stmt"/>
        <line num="316" count="3" type="stmt"/>
        <line num="317" count="3" type="stmt"/>
        <line num="319" count="3" type="stmt"/>
        <line num="329" count="3" type="stmt"/>
        <line num="336" count="2" type="stmt"/>
        <line num="350" count="10" type="stmt"/>
        <line num="351" count="10" type="stmt"/>
        <line num="352" count="10" type="stmt"/>
        <line num="354" count="1" type="stmt"/>
        <line num="356" count="3" type="stmt"/>
        <line num="360" count="158" type="stmt"/>
        <line num="361" count="2" type="stmt"/>
        <line num="362" count="2" type="stmt"/>
        <line num="363" count="2" type="stmt"/>
        <line num="364" count="2" type="stmt"/>
        <line num="365" count="2" type="stmt"/>
        <line num="366" count="2" type="stmt"/>
        <line num="367" count="2" type="stmt"/>
        <line num="368" count="2" type="stmt"/>
        <line num="369" count="2" type="stmt"/>
        <line num="370" count="2" type="stmt"/>
        <line num="371" count="2" type="stmt"/>
        <line num="372" count="2" type="cond" truecount="1" falsecount="1"/>
        <line num="373" count="2" type="stmt"/>
        <line num="377" count="158" type="stmt"/>
        <line num="378" count="4" type="stmt"/>
        <line num="379" count="4" type="cond" truecount="4" falsecount="0"/>
        <line num="380" count="3" type="cond" truecount="4" falsecount="0"/>
        <line num="381" count="1" type="stmt"/>
        <line num="382" count="1" type="stmt"/>
        <line num="384" count="2" type="stmt"/>
        <line num="385" count="2" type="stmt"/>
        <line num="386" count="2" type="stmt"/>
        <line num="387" count="2" type="cond" truecount="2" falsecount="0"/>
        <line num="388" count="3" type="cond" truecount="2" falsecount="0"/>
        <line num="390" count="1" type="stmt"/>
        <line num="394" count="158" type="stmt"/>
        <line num="395" count="4" type="stmt"/>
        <line num="396" count="4" type="cond" truecount="4" falsecount="0"/>
        <line num="397" count="3" type="cond" truecount="2" falsecount="0"/>
        <line num="398" count="1" type="stmt"/>
        <line num="399" count="1" type="stmt"/>
        <line num="401" count="2" type="stmt"/>
        <line num="402" count="2" type="stmt"/>
        <line num="403" count="2" type="stmt"/>
        <line num="404" count="2" type="cond" truecount="1" falsecount="1"/>
        <line num="406" count="1" type="stmt"/>
        <line num="410" count="158" type="stmt"/>
        <line num="411" count="1" type="stmt"/>
        <line num="412" count="1" type="stmt"/>
        <line num="413" count="1" type="stmt"/>
        <line num="414" count="1" type="stmt"/>
        <line num="418" count="158" type="stmt"/>
        <line num="419" count="158" type="stmt"/>
        <line num="420" count="158" type="stmt"/>
        <line num="421" count="158" type="stmt"/>
        <line num="423" count="158" type="stmt"/>
        <line num="424" count="140" type="stmt"/>
        <line num="425" count="140" type="stmt"/>
        <line num="426" count="140" type="stmt"/>
        <line num="427" count="140" type="stmt"/>
        <line num="430" count="158" type="stmt"/>
        <line num="447" count="158" type="stmt"/>
        <line num="448" count="103" type="stmt"/>
        <line num="481" count="158" type="stmt"/>
        <line num="482" count="47" type="stmt"/>
        <line num="483" count="40" type="stmt"/>
        <line num="485" count="40" type="cond" truecount="2" falsecount="0"/>
        <line num="486" count="1" type="stmt"/>
        <line num="487" count="1" type="stmt"/>
        <line num="488" count="1" type="stmt"/>
        <line num="489" count="1" type="stmt"/>
        <line num="490" count="1" type="cond" truecount="1" falsecount="1"/>
        <line num="491" count="1" type="stmt"/>
        <line num="493" count="1" type="stmt"/>
        <line num="496" count="39" type="cond" truecount="4" falsecount="0"/>
        <line num="497" count="1" type="stmt"/>
        <line num="498" count="1" type="stmt"/>
        <line num="499" count="1" type="stmt"/>
        <line num="500" count="1" type="stmt"/>
        <line num="503" count="38" type="cond" truecount="2" falsecount="0"/>
        <line num="504" count="1" type="cond" truecount="1" falsecount="1"/>
        <line num="505" count="1" type="stmt"/>
        <line num="506" count="1" type="cond" truecount="1" falsecount="1"/>
        <line num="508" count="1" type="stmt"/>
        <line num="511" count="37" type="stmt"/>
        <line num="512" count="37" type="cond" truecount="3" falsecount="0"/>
        <line num="514" count="40" type="cond" truecount="2" falsecount="0"/>
        <line num="515" count="37" type="cond" truecount="5" falsecount="0"/>
        <line num="516" count="2" type="stmt"/>
        <line num="517" count="2" type="stmt"/>
        <line num="518" count="2" type="stmt"/>
        <line num="521" count="35" type="cond" truecount="2" falsecount="0"/>
        <line num="522" count="3" type="stmt"/>
        <line num="523" count="3" type="stmt"/>
        <line num="524" count="3" type="stmt"/>
        <line num="527" count="32" type="cond" truecount="2" falsecount="0"/>
        <line num="528" count="3" type="stmt"/>
        <line num="529" count="3" type="cond" truecount="4" falsecount="0"/>
        <line num="530" count="3" type="stmt"/>
        <line num="531" count="3" type="stmt"/>
        <line num="534" count="29" type="cond" truecount="2" falsecount="0"/>
        <line num="535" count="4" type="stmt"/>
        <line num="536" count="4" type="cond" truecount="2" falsecount="0"/>
        <line num="537" count="2" type="stmt"/>
        <line num="538" count="2" type="cond" truecount="1" falsecount="1"/>
        <line num="539" count="2" type="stmt"/>
        <line num="540" count="2" type="stmt"/>
        <line num="542" count="2" type="cond" truecount="2" falsecount="0"/>
        <line num="544" count="4" type="stmt"/>
        <line num="547" count="25" type="cond" truecount="2" falsecount="0"/>
        <line num="548" count="2" type="stmt"/>
        <line num="549" count="2" type="cond" truecount="2" falsecount="0"/>
        <line num="550" count="1" type="stmt"/>
        <line num="551" count="1" type="stmt"/>
        <line num="552" count="1" type="stmt"/>
        <line num="554" count="1" type="stmt"/>
        <line num="556" count="2" type="stmt"/>
        <line num="559" count="23" type="cond" truecount="2" falsecount="0"/>
        <line num="560" count="3" type="stmt"/>
        <line num="561" count="3" type="cond" truecount="2" falsecount="0"/>
        <line num="562" count="1" type="stmt"/>
        <line num="563" count="2" type="cond" truecount="2" falsecount="0"/>
        <line num="564" count="1" type="stmt"/>
        <line num="565" count="1" type="cond" truecount="1" falsecount="1"/>
        <line num="566" count="1" type="stmt"/>
        <line num="568" count="3" type="stmt"/>
        <line num="571" count="20" type="cond" truecount="2" falsecount="0"/>
        <line num="572" count="4" type="stmt"/>
        <line num="573" count="4" type="cond" truecount="2" falsecount="0"/>
        <line num="574" count="2" type="cond" truecount="2" falsecount="0"/>
        <line num="575" count="1" type="stmt"/>
        <line num="577" count="1" type="stmt"/>
        <line num="579" count="2" type="cond" truecount="4" falsecount="0"/>
        <line num="580" count="1" type="stmt"/>
        <line num="582" count="4" type="stmt"/>
        <line num="585" count="16" type="cond" truecount="2" falsecount="0"/>
        <line num="586" count="1" type="stmt"/>
        <line num="587" count="1" type="stmt"/>
        <line num="588" count="1" type="stmt"/>
        <line num="591" count="15" type="cond" truecount="2" falsecount="0"/>
        <line num="592" count="4" type="cond" truecount="4" falsecount="0"/>
        <line num="593" count="2" type="stmt"/>
        <line num="594" count="2" type="stmt"/>
        <line num="595" count="2" type="stmt"/>
        <line num="597" count="2" type="cond" truecount="1" falsecount="1"/>
        <line num="598" count="2" type="stmt"/>
        <line num="599" count="2" type="cond" truecount="2" falsecount="0"/>
        <line num="600" count="1" type="stmt"/>
        <line num="602" count="1" type="stmt"/>
        <line num="604" count="2" type="stmt"/>
        <line num="608" count="11" type="cond" truecount="5" falsecount="2"/>
        <line num="609" count="3" type="stmt"/>
        <line num="610" count="3" type="cond" truecount="4" falsecount="0"/>
        <line num="611" count="1" type="stmt"/>
        <line num="612" count="1" type="stmt"/>
        <line num="614" count="3" type="stmt"/>
        <line num="617" count="8" type="stmt"/>
        <line num="618" count="8" type="cond" truecount="3" falsecount="2"/>
        <line num="619" count="8" type="stmt"/>
        <line num="621" count="8" type="cond" truecount="2" falsecount="0"/>
        <line num="622" count="2" type="stmt"/>
        <line num="623" count="2" type="stmt"/>
        <line num="624" count="6" type="cond" truecount="2" falsecount="0"/>
        <line num="625" count="1" type="stmt"/>
        <line num="626" count="1" type="stmt"/>
        <line num="627" count="5" type="cond" truecount="5" falsecount="1"/>
        <line num="628" count="2" type="stmt"/>
        <line num="629" count="2" type="cond" truecount="1" falsecount="1"/>
        <line num="630" count="2" type="stmt"/>
        <line num="631" count="2" type="stmt"/>
        <line num="633" count="3" type="cond" truecount="4" falsecount="1"/>
        <line num="634" count="1" type="stmt"/>
        <line num="635" count="1" type="cond" truecount="1" falsecount="1"/>
        <line num="636" count="1" type="stmt"/>
        <line num="637" count="1" type="stmt"/>
        <line num="639" count="2" type="cond" truecount="4" falsecount="1"/>
        <line num="640" count="2" type="stmt"/>
        <line num="641" count="2" type="cond" truecount="1" falsecount="1"/>
        <line num="642" count="2" type="stmt"/>
        <line num="643" count="2" type="stmt"/>
        <line num="650" count="47" type="stmt"/>
        <line num="651" count="47" type="stmt"/>
        <line num="654" count="158" type="stmt"/>
      </file>
    </package>
    <package name="services">
      <metrics statements="34" coveredstatements="34" conditionals="28" coveredconditionals="24" methods="7" coveredmethods="7"/>
      <file name="sync.ts" path="/Users/shenux/Desktop/Shopbook/shopbook-pos/web/src/services/sync.ts">
        <metrics statements="34" coveredstatements="34" conditionals="28" coveredconditionals="24" methods="7" coveredmethods="7"/>
        <line num="8" count="3" type="cond" truecount="2" falsecount="0"/>
        <line num="9" count="3" type="cond" truecount="2" falsecount="0"/>
        <line num="11" count="3" type="stmt"/>
        <line num="19" count="3" type="stmt"/>
        <line num="37" count="7" type="cond" truecount="2" falsecount="0"/>
        <line num="38" count="3" type="cond" truecount="3" falsecount="0"/>
        <line num="46" count="2" type="stmt"/>
        <line num="47" count="7" type="stmt"/>
        <line num="48" count="7" type="cond" truecount="2" falsecount="0"/>
        <line num="50" count="2" type="stmt"/>
        <line num="54" count="2" type="cond" truecount="2" falsecount="0"/>
        <line num="63" count="6" type="cond" truecount="1" falsecount="1"/>
        <line num="65" count="6" type="stmt"/>
        <line num="67" count="6" type="stmt"/>
        <line num="68" count="6" type="cond" truecount="2" falsecount="0"/>
        <line num="69" count="2" type="stmt"/>
        <line num="70" count="2" type="stmt"/>
        <line num="73" count="4" type="stmt"/>
        <line num="74" count="4" type="stmt"/>
        <line num="77" count="3" type="stmt"/>
        <line num="81" count="3" type="cond" truecount="2" falsecount="0"/>
        <line num="82" count="2" type="stmt"/>
        <line num="85" count="2" type="stmt"/>
        <line num="89" count="1" type="stmt"/>
        <line num="90" count="1" type="stmt"/>
        <line num="92" count="3" type="stmt"/>
        <line num="93" count="3" type="stmt"/>
        <line num="98" count="2" type="cond" truecount="1" falsecount="1"/>
        <line num="99" count="2" type="stmt"/>
        <line num="101" count="2" type="stmt"/>
        <line num="108" count="2" type="cond" truecount="2" falsecount="0"/>
        <line num="109" count="1" type="stmt"/>
        <line num="112" count="1" type="stmt"/>
        <line num="116" count="1" type="stmt"/>
      </file>
    </package>
    <package name="stores">
      <metrics statements="176" coveredstatements="176" conditionals="88" coveredconditionals="81" methods="57" coveredmethods="57"/>
      <file name="authStore.ts" path="/Users/shenux/Desktop/Shopbook/shopbook-pos/web/src/stores/authStore.ts">
        <metrics statements="19" coveredstatements="19" conditionals="10" coveredconditionals="10" methods="9" coveredmethods="9"/>
        <line num="25" count="7" type="stmt"/>
        <line num="27" count="7" type="stmt"/>
        <line num="36" count="2" type="stmt"/>
        <line num="37" count="2" type="stmt"/>
        <line num="38" count="2" type="stmt"/>
        <line num="39" count="2" type="stmt"/>
        <line num="41" count="4" type="stmt"/>
        <line num="42" count="4" type="stmt"/>
        <line num="50" count="4" type="cond" truecount="4" falsecount="0"/>
        <line num="51" count="2" type="stmt"/>
        <line num="55" count="3" type="stmt"/>
        <line num="56" count="3" type="cond" truecount="2" falsecount="0"/>
        <line num="57" count="2" type="stmt"/>
        <line num="63" count="2" type="stmt"/>
        <line num="65" count="1" type="stmt"/>
        <line num="68" count="85" type="stmt"/>
        <line num="78" count="85" type="cond" truecount="2" falsecount="0"/>
        <line num="79" count="84" type="stmt"/>
        <line num="85" count="5" type="cond" truecount="2" falsecount="0"/>
      </file>
      <file name="businessStore.ts" path="/Users/shenux/Desktop/Shopbook/shopbook-pos/web/src/stores/businessStore.ts">
        <metrics statements="127" coveredstatements="127" conditionals="58" coveredconditionals="52" methods="25" coveredmethods="25"/>
        <line num="50" count="4" type="stmt"/>
        <line num="59" count="4" type="stmt"/>
        <line num="61" count="4" type="stmt"/>
        <line num="63" count="4" type="stmt"/>
        <line num="67" count="2" type="stmt"/>
        <line num="68" count="2" type="cond" truecount="2" falsecount="0"/>
        <line num="69" count="1" type="stmt"/>
        <line num="73" count="25" type="cond" truecount="1" falsecount="1"/>
        <line num="74" count="25" type="stmt"/>
        <line num="75" count="25" type="cond" truecount="2" falsecount="0"/>
        <line num="76" count="3" type="stmt"/>
        <line num="77" count="3" type="stmt"/>
        <line num="80" count="22" type="stmt"/>
        <line num="81" count="22" type="cond" truecount="2" falsecount="0"/>
        <line num="82" count="11" type="cond" truecount="2" falsecount="0"/>
        <line num="83" count="10" type="stmt"/>
        <line num="88" count="11" type="stmt"/>
        <line num="91" count="11" type="stmt"/>
        <line num="92" count="19" type="stmt"/>
        <line num="93" count="19" type="cond" truecount="1" falsecount="1"/>
        <line num="94" count="19" type="cond" truecount="2" falsecount="0"/>
        <line num="95" count="19" type="stmt"/>
        <line num="98" count="11" type="stmt"/>
        <line num="99" count="11" type="stmt"/>
        <line num="102" count="11" type="stmt"/>
        <line num="103" count="10" type="stmt"/>
        <line num="104" count="1" type="cond" truecount="1" falsecount="1"/>
        <line num="107" count="10" type="stmt"/>
        <line num="108" count="1" type="stmt"/>
        <line num="109" count="1" type="cond" truecount="1" falsecount="1"/>
        <line num="110" count="1" type="stmt"/>
        <line num="115" count="10" type="stmt"/>
        <line num="116" count="10" type="stmt"/>
        <line num="117" count="7" type="cond" truecount="2" falsecount="0"/>
        <line num="120" count="10" type="stmt"/>
        <line num="121" count="5" type="stmt"/>
        <line num="124" count="10" type="stmt"/>
        <line num="126" count="10" type="stmt"/>
        <line num="135" count="10" type="cond" truecount="2" falsecount="0"/>
        <line num="137" count="25" type="cond" truecount="2" falsecount="0"/>
        <line num="138" count="6" type="cond" truecount="2" falsecount="0"/>
        <line num="139" count="5" type="stmt"/>
        <line num="144" count="5" type="stmt"/>
        <line num="150" count="1" type="stmt"/>
        <line num="154" count="5" type="stmt"/>
        <line num="156" count="5" type="stmt"/>
        <line num="157" count="4" type="stmt"/>
        <line num="158" count="3" type="stmt"/>
        <line num="159" count="3" type="stmt"/>
        <line num="160" count="3" type="stmt"/>
        <line num="161" count="3" type="stmt"/>
        <line num="162" count="3" type="stmt"/>
        <line num="165" count="4" type="stmt"/>
        <line num="166" count="4" type="stmt"/>
        <line num="167" count="4" type="stmt"/>
        <line num="168" count="4" type="stmt"/>
        <line num="169" count="4" type="stmt"/>
        <line num="174" count="4" type="stmt"/>
        <line num="175" count="4" type="cond" truecount="2" falsecount="0"/>
        <line num="176" count="2" type="stmt"/>
        <line num="177" count="2" type="cond" truecount="2" falsecount="0"/>
        <line num="178" count="1" type="stmt"/>
        <line num="179" count="1" type="stmt"/>
        <line num="180" count="10" type="stmt"/>
        <line num="181" count="10" type="stmt"/>
        <line num="182" count="10" type="stmt"/>
        <line num="183" count="10" type="stmt"/>
        <line num="184" count="10" type="stmt"/>
        <line num="185" count="10" type="stmt"/>
        <line num="186" count="10" type="stmt"/>
        <line num="187" count="10" type="stmt"/>
        <line num="188" count="10" type="stmt"/>
        <line num="189" count="10" type="stmt"/>
        <line num="196" count="4" type="stmt"/>
        <line num="197" count="4" type="stmt"/>
        <line num="199" count="4" type="cond" truecount="2" falsecount="0"/>
        <line num="200" count="3" type="stmt"/>
        <line num="201" count="3" type="cond" truecount="2" falsecount="0"/>
        <line num="202" count="1" type="stmt"/>
        <line num="205" count="4" type="stmt"/>
        <line num="207" count="1" type="stmt"/>
        <line num="208" count="1" type="stmt"/>
        <line num="212" count="4" type="stmt"/>
        <line num="213" count="4" type="stmt"/>
        <line num="214" count="4" type="stmt"/>
        <line num="218" count="4" type="cond" truecount="2" falsecount="0"/>
        <line num="219" count="3" type="stmt"/>
        <line num="220" count="3" type="stmt"/>
        <line num="221" count="2" type="stmt"/>
        <line num="222" count="2" type="stmt"/>
        <line num="223" count="2" type="stmt"/>
        <line num="224" count="2" type="stmt"/>
        <line num="225" count="2" type="stmt"/>
        <line num="226" count="2" type="cond" truecount="2" falsecount="0"/>
        <line num="227" count="1" type="stmt"/>
        <line num="232" count="3" type="stmt"/>
        <line num="233" count="3" type="stmt"/>
        <line num="235" count="1" type="stmt"/>
        <line num="239" count="5" type="stmt"/>
        <line num="240" count="5" type="stmt"/>
        <line num="244" count="5" type="cond" truecount="2" falsecount="0"/>
        <line num="245" count="4" type="stmt"/>
        <line num="246" count="4" type="stmt"/>
        <line num="247" count="3" type="stmt"/>
        <line num="248" count="3" type="stmt"/>
        <line num="249" count="3" type="stmt"/>
        <line num="250" count="3" type="stmt"/>
        <line num="251" count="3" type="stmt"/>
        <line num="252" count="3" type="cond" truecount="2" falsecount="0"/>
        <line num="253" count="2" type="stmt"/>
        <line num="258" count="4" type="stmt"/>
        <line num="259" count="4" type="stmt"/>
        <line num="261" count="1" type="stmt"/>
        <line num="265" count="7" type="stmt"/>
        <line num="266" count="7" type="stmt"/>
        <line num="270" count="7" type="cond" truecount="2" falsecount="0"/>
        <line num="271" count="6" type="stmt"/>
        <line num="272" count="6" type="stmt"/>
        <line num="273" count="5" type="stmt"/>
        <line num="276" count="6" type="stmt"/>
        <line num="277" count="6" type="stmt"/>
        <line num="279" count="6" type="cond" truecount="2" falsecount="0"/>
        <line num="280" count="2" type="stmt"/>
        <line num="281" count="2" type="cond" truecount="2" falsecount="0"/>
        <line num="282" count="1" type="stmt"/>
        <line num="286" count="1" type="stmt"/>
        <line num="292" count="3" type="cond" truecount="2" falsecount="0"/>
      </file>
      <file name="cartStore.ts" path="/Users/shenux/Desktop/Shopbook/shopbook-pos/web/src/stores/cartStore.ts">
        <metrics statements="20" coveredstatements="20" conditionals="18" coveredconditionals="17" methods="12" coveredmethods="12"/>
        <line num="30" count="3" type="stmt"/>
        <line num="32" count="3" type="stmt"/>
        <line num="37" count="15" type="stmt"/>
        <line num="38" count="15" type="stmt"/>
        <line num="39" count="15" type="cond" truecount="2" falsecount="0"/>
        <line num="40" count="4" type="stmt"/>
        <line num="42" count="5" type="cond" truecount="2" falsecount="0"/>
        <line num="46" count="11" type="stmt"/>
        <line num="63" count="9" type="stmt"/>
        <line num="64" count="9" type="stmt"/>
        <line num="66" count="10" type="cond" truecount="1" falsecount="1"/>
        <line num="67" count="10" type="stmt"/>
        <line num="70" count="60" type="stmt"/>
        <line num="71" count="5" type="stmt"/>
        <line num="73" count="5" type="cond" truecount="2" falsecount="0"/>
        <line num="74" count="5" type="stmt"/>
        <line num="75" count="2" type="cond" truecount="2" falsecount="0"/>
        <line num="77" count="5" type="cond" truecount="2" falsecount="0"/>
        <line num="78" count="4" type="stmt"/>
        <line num="84" count="2" type="cond" truecount="2" falsecount="0"/>
      </file>
      <file name="settingsStore.ts" path="/Users/shenux/Desktop/Shopbook/shopbook-pos/web/src/stores/settingsStore.ts">
        <metrics statements="10" coveredstatements="10" conditionals="2" coveredconditionals="2" methods="11" coveredmethods="11"/>
        <line num="25" count="3" type="stmt"/>
        <line num="27" count="3" type="stmt"/>
        <line num="34" count="2" type="stmt"/>
        <line num="35" count="1" type="stmt"/>
        <line num="36" count="2" type="stmt"/>
        <line num="37" count="1" type="stmt"/>
        <line num="38" count="1" type="stmt"/>
        <line num="39" count="1" type="stmt"/>
        <line num="40" count="1" type="stmt"/>
        <line num="44" count="2" type="cond" truecount="2" falsecount="0"/>
      </file>
    </package>
    <package name="utils">
      <metrics statements="1" coveredstatements="1" conditionals="0" coveredconditionals="0" methods="0" coveredmethods="0"/>
      <file name="seedProducts.ts" path="/Users/shenux/Desktop/Shopbook/shopbook-pos/web/src/utils/seedProducts.ts">
        <metrics statements="1" coveredstatements="1" conditionals="0" coveredconditionals="0" methods="0" coveredmethods="0"/>
        <line num="1" count="4" type="stmt"/>
      </file>
    </package>
  </project>
</coverage>
