{"/Users/shenux/Desktop/Shopbook/shopbook-pos/web/src/app/api/auth/check/route.ts": {"path":"/Users/shenux/Desktop/Shopbook/shopbook-pos/web/src/app/api/auth/check/route.ts","statementMap":{"0":{"start":{"line":4,"column":2},"end":{"line":23,"column":null}},"1":{"start":{"line":5,"column":17},"end":{"line":5,"column":null}},"2":{"start":{"line":6,"column":21},"end":{"line":12,"column":null}},"3":{"start":{"line":14,"column":4},"end":{"line":17,"column":null}},"4":{"start":{"line":15,"column":22},"end":{"line":15,"column":null}},"5":{"start":{"line":16,"column":6},"end":{"line":16,"column":null}},"6":{"start":{"line":19,"column":17},"end":{"line":19,"column":null}},"7":{"start":{"line":20,"column":4},"end":{"line":20,"column":null}},"8":{"start":{"line":22,"column":4},"end":{"line":22,"column":null}}},"fnMap":{"0":{"name":"POST","decl":{"start":{"line":3,"column":22},"end":{"line":3,"column":27}},"loc":{"start":{"line":3,"column":45},"end":{"line":24,"column":null}},"line":3}},"branchMap":{"0":{"loc":{"start":{"line":14,"column":4},"end":{"line":17,"column":null}},"type":"if","locations":[{"start":{"line":14,"column":4},"end":{"line":17,"column":null}},{"start":{},"end":{}}],"line":14},"1":{"loc":{"start":{"line":22,"column":40},"end":{"line":22,"column":79}},"type":"binary-expr","locations":[{"start":{"line":22,"column":40},"end":{"line":22,"column":55}},{"start":{"line":22,"column":55},"end":{"line":22,"column":79}}],"line":22}},"s":{"0":4,"1":4,"2":4,"3":2,"4":1,"5":1,"6":1,"7":1,"8":2},"f":{"0":4},"b":{"0":[1,1],"1":[2,1]},"meta":{"lastBranch":2,"lastFunction":1,"lastStatement":9,"seen":{"f:3:22:3:27":0,"s:4:2:23:Infinity":0,"s:5:17:5:Infinity":1,"s:6:21:12:Infinity":2,"b:14:4:17:Infinity:undefined:undefined:undefined:undefined":0,"s:14:4:17:Infinity":3,"s:15:22:15:Infinity":4,"s:16:6:16:Infinity":5,"s:19:17:19:Infinity":6,"s:20:4:20:Infinity":7,"s:22:4:22:Infinity":8,"b:22:40:22:55:22:55:22:79":1}}}
,"/Users/shenux/Desktop/Shopbook/shopbook-pos/web/src/app/api/auth/verify/route.ts": {"path":"/Users/shenux/Desktop/Shopbook/shopbook-pos/web/src/app/api/auth/verify/route.ts","statementMap":{"0":{"start":{"line":4,"column":2},"end":{"line":30,"column":null}},"1":{"start":{"line":5,"column":23},"end":{"line":5,"column":null}},"2":{"start":{"line":6,"column":17},"end":{"line":6,"column":null}},"3":{"start":{"line":8,"column":44},"end":{"line":10,"column":null}},"4":{"start":{"line":11,"column":4},"end":{"line":13,"column":null}},"5":{"start":{"line":12,"column":6},"end":{"line":12,"column":null}},"6":{"start":{"line":15,"column":21},"end":{"line":19,"column":null}},"7":{"start":{"line":21,"column":4},"end":{"line":24,"column":null}},"8":{"start":{"line":22,"column":22},"end":{"line":22,"column":null}},"9":{"start":{"line":23,"column":6},"end":{"line":23,"column":null}},"10":{"start":{"line":26,"column":17},"end":{"line":26,"column":null}},"11":{"start":{"line":27,"column":4},"end":{"line":27,"column":null}},"12":{"start":{"line":29,"column":4},"end":{"line":29,"column":null}}},"fnMap":{"0":{"name":"POST","decl":{"start":{"line":3,"column":22},"end":{"line":3,"column":27}},"loc":{"start":{"line":3,"column":45},"end":{"line":31,"column":null}},"line":3}},"branchMap":{"0":{"loc":{"start":{"line":11,"column":4},"end":{"line":13,"column":null}},"type":"if","locations":[{"start":{"line":11,"column":4},"end":{"line":13,"column":null}},{"start":{},"end":{}}],"line":11},"1":{"loc":{"start":{"line":21,"column":4},"end":{"line":24,"column":null}},"type":"if","locations":[{"start":{"line":21,"column":4},"end":{"line":24,"column":null}},{"start":{},"end":{}}],"line":21},"2":{"loc":{"start":{"line":29,"column":40},"end":{"line":29,"column":79}},"type":"binary-expr","locations":[{"start":{"line":29,"column":40},"end":{"line":29,"column":55}},{"start":{"line":29,"column":55},"end":{"line":29,"column":79}}],"line":29}},"s":{"0":4,"1":4,"2":4,"3":4,"4":4,"5":1,"6":4,"7":3,"8":1,"9":1,"10":2,"11":2,"12":1},"f":{"0":4},"b":{"0":[1,3],"1":[1,2],"2":[1,0]},"meta":{"lastBranch":3,"lastFunction":1,"lastStatement":13,"seen":{"f:3:22:3:27":0,"s:4:2:30:Infinity":0,"s:5:23:5:Infinity":1,"s:6:17:6:Infinity":2,"s:8:44:10:Infinity":3,"b:11:4:13:Infinity:undefined:undefined:undefined:undefined":0,"s:11:4:13:Infinity":4,"s:12:6:12:Infinity":5,"s:15:21:19:Infinity":6,"b:21:4:24:Infinity:undefined:undefined:undefined:undefined":1,"s:21:4:24:Infinity":7,"s:22:22:22:Infinity":8,"s:23:6:23:Infinity":9,"s:26:17:26:Infinity":10,"s:27:4:27:Infinity":11,"s:29:4:29:Infinity":12,"b:29:40:29:55:29:55:29:79":2}}}
,"/Users/shenux/Desktop/Shopbook/shopbook-pos/web/src/components/Scanner.tsx": {"path":"/Users/shenux/Desktop/Shopbook/shopbook-pos/web/src/components/Scanner.tsx","statementMap":{"0":{"start":{"line":9,"column":13},"end":{"line":140,"column":null}},"1":{"start":{"line":10,"column":8},"end":{"line":10,"column":null}},"2":{"start":{"line":11,"column":24},"end":{"line":11,"column":null}},"3":{"start":{"line":12,"column":19},"end":{"line":12,"column":null}},"4":{"start":{"line":13,"column":8},"end":{"line":13,"column":null}},"5":{"start":{"line":14,"column":8},"end":{"line":14,"column":null}},"6":{"start":{"line":16,"column":2},"end":{"line":52,"column":null}},"7":{"start":{"line":19,"column":6},"end":{"line":23,"column":null}},"8":{"start":{"line":20,"column":8},"end":{"line":20,"column":null}},"9":{"start":{"line":21,"column":8},"end":{"line":21,"column":null}},"10":{"start":{"line":22,"column":8},"end":{"line":22,"column":null}},"11":{"start":{"line":24,"column":6},"end":{"line":38,"column":null}},"12":{"start":{"line":25,"column":23},"end":{"line":27,"column":null}},"13":{"start":{"line":28,"column":8},"end":{"line":28,"column":null}},"14":{"start":{"line":29,"column":8},"end":{"line":31,"column":null}},"15":{"start":{"line":30,"column":10},"end":{"line":30,"column":null}},"16":{"start":{"line":32,"column":8},"end":{"line":32,"column":null}},"17":{"start":{"line":33,"column":8},"end":{"line":33,"column":null}},"18":{"start":{"line":35,"column":8},"end":{"line":35,"column":null}},"19":{"start":{"line":36,"column":8},"end":{"line":36,"column":null}},"20":{"start":{"line":37,"column":8},"end":{"line":37,"column":null}},"21":{"start":{"line":41,"column":4},"end":{"line":41,"column":null}},"22":{"start":{"line":43,"column":4},"end":{"line":51,"column":null}},"23":{"start":{"line":45,"column":6},"end":{"line":47,"column":null}},"24":{"start":{"line":46,"column":8},"end":{"line":46,"column":null}},"25":{"start":{"line":46,"column":55},"end":{"line":46,"column":67}},"26":{"start":{"line":48,"column":6},"end":{"line":50,"column":null}},"27":{"start":{"line":49,"column":8},"end":{"line":49,"column":null}},"28":{"start":{"line":54,"column":8},"end":{"line":83,"column":null}},"29":{"start":{"line":56,"column":30},"end":{"line":56,"column":null}},"30":{"start":{"line":58,"column":4},"end":{"line":82,"column":null}},"31":{"start":{"line":59,"column":30},"end":{"line":61,"column":null}},"32":{"start":{"line":63,"column":6},"end":{"line":76,"column":null}},"33":{"start":{"line":64,"column":8},"end":{"line":64,"column":null}},"34":{"start":{"line":64,"column":66},"end":{"line":64,"column":null}},"35":{"start":{"line":65,"column":8},"end":{"line":75,"column":null}},"36":{"start":{"line":66,"column":27},"end":{"line":66,"column":null}},"37":{"start":{"line":67,"column":10},"end":{"line":72,"column":null}},"38":{"start":{"line":68,"column":25},"end":{"line":68,"column":null}},"39":{"start":{"line":69,"column":12},"end":{"line":71,"column":null}},"40":{"start":{"line":70,"column":14},"end":{"line":70,"column":null}},"41":{"start":{"line":81,"column":6},"end":{"line":81,"column":null}},"42":{"start":{"line":85,"column":2},"end":{"line":138,"column":null}},"43":{"start":{"line":143,"column":13},"end":{"line":176,"column":null}},"44":{"start":{"line":144,"column":2},"end":{"line":175,"column":null}},"45":{"start":{"line":145,"column":17},"end":{"line":145,"column":null}},"46":{"start":{"line":146,"column":22},"end":{"line":146,"column":null}},"47":{"start":{"line":148,"column":10},"end":{"line":171,"column":null}},"48":{"start":{"line":150,"column":6},"end":{"line":150,"column":null}},"49":{"start":{"line":150,"column":91},"end":{"line":150,"column":null}},"50":{"start":{"line":152,"column":26},"end":{"line":152,"column":null}},"51":{"start":{"line":153,"column":19},"end":{"line":153,"column":null}},"52":{"start":{"line":154,"column":6},"end":{"line":154,"column":null}},"53":{"start":{"line":157,"column":6},"end":{"line":170,"column":null}},"54":{"start":{"line":158,"column":8},"end":{"line":166,"column":null}},"55":{"start":{"line":159,"column":10},"end":{"line":162,"column":null}},"56":{"start":{"line":160,"column":12},"end":{"line":160,"column":null}},"57":{"start":{"line":161,"column":12},"end":{"line":161,"column":null}},"58":{"start":{"line":163,"column":10},"end":{"line":163,"column":null}},"59":{"start":{"line":165,"column":10},"end":{"line":165,"column":null}},"60":{"start":{"line":169,"column":8},"end":{"line":169,"column":null}},"61":{"start":{"line":173,"column":4},"end":{"line":173,"column":null}},"62":{"start":{"line":174,"column":4},"end":{"line":174,"column":null}},"63":{"start":{"line":174,"column":17},"end":{"line":174,"column":null}},"64":{"start":{"line":178,"column":52},"end":{"line":336,"column":null}}},"fnMap":{"0":{"name":"(anonymous_0)","decl":{"start":{"line":9,"column":13},"end":{"line":9,"column":48}},"loc":{"start":{"line":9,"column":72},"end":{"line":140,"column":null}},"line":9},"1":{"name":"(anonymous_1)","decl":{"start":{"line":16,"column":2},"end":{"line":16,"column":18}},"loc":{"start":{"line":16,"column":18},"end":{"line":52,"column":5}},"line":16},"2":{"name":"startCamera","decl":{"start":{"line":18,"column":19},"end":{"line":18,"column":33}},"loc":{"start":{"line":18,"column":33},"end":{"line":39,"column":null}},"line":18},"3":{"name":"(anonymous_3)","decl":{"start":{"line":43,"column":4},"end":{"line":43,"column":17}},"loc":{"start":{"line":43,"column":17},"end":{"line":51,"column":null}},"line":43},"4":{"name":"(anonymous_4)","decl":{"start":{"line":46,"column":38},"end":{"line":46,"column":46}},"loc":{"start":{"line":46,"column":55},"end":{"line":46,"column":67}},"line":46},"5":{"name":"(anonymous_5)","decl":{"start":{"line":54,"column":8},"end":{"line":54,"column":30}},"loc":{"start":{"line":54,"column":30},"end":{"line":83,"column":null}},"line":54},"6":{"name":"(anonymous_6)","decl":{"start":{"line":63,"column":44},"end":{"line":63,"column":56}},"loc":{"start":{"line":63,"column":56},"end":{"line":76,"column":9}},"line":63},"7":{"name":"(anonymous_7)","decl":{"start":{"line":143,"column":13},"end":{"line":143,"column":35}},"loc":{"start":{"line":143,"column":73},"end":{"line":176,"column":null}},"line":143},"8":{"name":"(anonymous_8)","decl":{"start":{"line":144,"column":2},"end":{"line":144,"column":18}},"loc":{"start":{"line":144,"column":18},"end":{"line":175,"column":5}},"line":144},"9":{"name":"(anonymous_9)","decl":{"start":{"line":148,"column":10},"end":{"line":148,"column":27}},"loc":{"start":{"line":148,"column":48},"end":{"line":171,"column":null}},"line":148},"10":{"name":"(anonymous_10)","decl":{"start":{"line":174,"column":4},"end":{"line":174,"column":17}},"loc":{"start":{"line":174,"column":17},"end":{"line":174,"column":null}},"line":174}},"branchMap":{"0":{"loc":{"start":{"line":19,"column":6},"end":{"line":23,"column":null}},"type":"if","locations":[{"start":{"line":19,"column":6},"end":{"line":23,"column":null}},{"start":{},"end":{}}],"line":19},"1":{"loc":{"start":{"line":19,"column":10},"end":{"line":19,"column":111}},"type":"binary-expr","locations":[{"start":{"line":19,"column":10},"end":{"line":19,"column":46}},{"start":{"line":19,"column":46},"end":{"line":19,"column":73}},{"start":{"line":19,"column":73},"end":{"line":19,"column":111}}],"line":19},"2":{"loc":{"start":{"line":29,"column":8},"end":{"line":31,"column":null}},"type":"if","locations":[{"start":{"line":29,"column":8},"end":{"line":31,"column":null}},{"start":{},"end":{}}],"line":29},"3":{"loc":{"start":{"line":45,"column":6},"end":{"line":47,"column":null}},"type":"if","locations":[{"start":{"line":45,"column":6},"end":{"line":47,"column":null}},{"start":{},"end":{}}],"line":45},"4":{"loc":{"start":{"line":48,"column":6},"end":{"line":50,"column":null}},"type":"if","locations":[{"start":{"line":48,"column":6},"end":{"line":50,"column":null}},{"start":{},"end":{}}],"line":48},"5":{"loc":{"start":{"line":56,"column":30},"end":{"line":56,"column":null}},"type":"binary-expr","locations":[{"start":{"line":56,"column":30},"end":{"line":56,"column":63}},{"start":{"line":56,"column":63},"end":{"line":56,"column":null}}],"line":56},"6":{"loc":{"start":{"line":58,"column":4},"end":{"line":82,"column":null}},"type":"if","locations":[{"start":{"line":58,"column":4},"end":{"line":82,"column":null}},{"start":{"line":77,"column":11},"end":{"line":82,"column":null}}],"line":58},"7":{"loc":{"start":{"line":64,"column":8},"end":{"line":64,"column":null}},"type":"if","locations":[{"start":{"line":64,"column":8},"end":{"line":64,"column":null}},{"start":{},"end":{}}],"line":64},"8":{"loc":{"start":{"line":64,"column":12},"end":{"line":64,"column":66}},"type":"binary-expr","locations":[{"start":{"line":64,"column":12},"end":{"line":64,"column":33}},{"start":{"line":64,"column":33},"end":{"line":64,"column":66}}],"line":64},"9":{"loc":{"start":{"line":67,"column":10},"end":{"line":72,"column":null}},"type":"if","locations":[{"start":{"line":67,"column":10},"end":{"line":72,"column":null}},{"start":{},"end":{}}],"line":67},"10":{"loc":{"start":{"line":69,"column":12},"end":{"line":71,"column":null}},"type":"if","locations":[{"start":{"line":69,"column":12},"end":{"line":71,"column":null}},{"start":{},"end":{}}],"line":69},"11":{"loc":{"start":{"line":99,"column":11},"end":{"line":120,"column":11}},"type":"cond-expr","locations":[{"start":{"line":100,"column":12},"end":{"line":107,"column":32}},{"start":{"line":107,"column":14},"end":{"line":120,"column":11}}],"line":99},"12":{"loc":{"start":{"line":107,"column":14},"end":{"line":120,"column":11}},"type":"cond-expr","locations":[{"start":{"line":108,"column":12},"end":{"line":113,"column":13}},{"start":{"line":113,"column":12},"end":{"line":120,"column":11}}],"line":107},"13":{"loc":{"start":{"line":150,"column":6},"end":{"line":150,"column":null}},"type":"if","locations":[{"start":{"line":150,"column":6},"end":{"line":150,"column":null}},{"start":{},"end":{}}],"line":150},"14":{"loc":{"start":{"line":150,"column":10},"end":{"line":150,"column":91}},"type":"binary-expr","locations":[{"start":{"line":150,"column":10},"end":{"line":150,"column":31}},{"start":{"line":150,"column":31},"end":{"line":150,"column":54}},{"start":{"line":150,"column":54},"end":{"line":150,"column":73}},{"start":{"line":150,"column":73},"end":{"line":150,"column":91}}],"line":150},"15":{"loc":{"start":{"line":157,"column":6},"end":{"line":170,"column":null}},"type":"if","locations":[{"start":{"line":157,"column":6},"end":{"line":170,"column":null}},{"start":{"line":167,"column":13},"end":{"line":170,"column":null}}],"line":157},"16":{"loc":{"start":{"line":158,"column":8},"end":{"line":166,"column":null}},"type":"if","locations":[{"start":{"line":158,"column":8},"end":{"line":166,"column":null}},{"start":{"line":164,"column":15},"end":{"line":166,"column":null}}],"line":158},"17":{"loc":{"start":{"line":159,"column":10},"end":{"line":162,"column":null}},"type":"if","locations":[{"start":{"line":159,"column":10},"end":{"line":162,"column":null}},{"start":{},"end":{}}],"line":159},"18":{"loc":{"start":{"line":169,"column":17},"end":{"line":169,"column":null}},"type":"cond-expr","locations":[{"start":{"line":169,"column":37},"end":{"line":169,"column":42}},{"start":{"line":169,"column":42},"end":{"line":169,"column":null}}],"line":169}},"s":{"0":2,"1":14,"2":14,"3":14,"4":14,"5":14,"6":14,"7":8,"8":1,"9":1,"10":1,"11":7,"12":7,"13":4,"14":4,"15":0,"16":4,"17":4,"18":1,"19":1,"20":1,"21":8,"22":8,"23":8,"24":4,"25":4,"26":8,"27":2,"28":14,"29":4,"30":4,"31":2,"32":2,"33":1,"34":0,"35":1,"36":1,"37":1,"38":1,"39":1,"40":1,"41":2,"42":14,"43":2,"44":163,"45":145,"46":145,"47":145,"48":67,"49":4,"50":63,"51":63,"52":63,"53":63,"54":55,"55":9,"56":1,"57":1,"58":9,"59":46,"60":8,"61":145,"62":145,"63":145,"64":2},"f":{"0":14,"1":8,"2":8,"3":8,"4":4,"5":4,"6":1,"7":163,"8":145,"9":67,"10":145},"b":{"0":[1,7],"1":[8,8,7],"2":[0,4],"3":[4,4],"4":[2,6],"5":[4,4],"6":[2,2],"7":[0,1],"8":[1,1],"9":[1,0],"10":[1,0],"11":[4,10],"12":[2,8],"13":[4,63],"14":[67,66,65,64],"15":[55,8],"16":[9,46],"17":[1,8],"18":[1,7]},"meta":{"lastBranch":19,"lastFunction":11,"lastStatement":65,"seen":{"s:9:13:140:Infinity":0,"f:9:13:9:48":0,"s:10:8:10:Infinity":1,"s:11:24:11:Infinity":2,"s:12:19:12:Infinity":3,"s:13:8:13:Infinity":4,"s:14:8:14:Infinity":5,"s:16:2:52:Infinity":6,"f:16:2:16:18":1,"f:18:19:18:33":2,"b:19:6:23:Infinity:undefined:undefined:undefined:undefined":0,"s:19:6:23:Infinity":7,"b:19:10:19:46:19:46:19:73:19:73:19:111":1,"s:20:8:20:Infinity":8,"s:21:8:21:Infinity":9,"s:22:8:22:Infinity":10,"s:24:6:38:Infinity":11,"s:25:23:27:Infinity":12,"s:28:8:28:Infinity":13,"b:29:8:31:Infinity:undefined:undefined:undefined:undefined":2,"s:29:8:31:Infinity":14,"s:30:10:30:Infinity":15,"s:32:8:32:Infinity":16,"s:33:8:33:Infinity":17,"s:35:8:35:Infinity":18,"s:36:8:36:Infinity":19,"s:37:8:37:Infinity":20,"s:41:4:41:Infinity":21,"s:43:4:51:Infinity":22,"f:43:4:43:17":3,"b:45:6:47:Infinity:undefined:undefined:undefined:undefined":3,"s:45:6:47:Infinity":23,"s:46:8:46:Infinity":24,"f:46:38:46:46":4,"s:46:55:46:67":25,"b:48:6:50:Infinity:undefined:undefined:undefined:undefined":4,"s:48:6:50:Infinity":26,"s:49:8:49:Infinity":27,"s:54:8:83:Infinity":28,"f:54:8:54:30":5,"s:56:30:56:Infinity":29,"b:56:30:56:63:56:63:56:Infinity":5,"b:58:4:82:Infinity:77:11:82:Infinity":6,"s:58:4:82:Infinity":30,"s:59:30:61:Infinity":31,"s:63:6:76:Infinity":32,"f:63:44:63:56":6,"b:64:8:64:Infinity:undefined:undefined:undefined:undefined":7,"s:64:8:64:Infinity":33,"b:64:12:64:33:64:33:64:66":8,"s:64:66:64:Infinity":34,"s:65:8:75:Infinity":35,"s:66:27:66:Infinity":36,"b:67:10:72:Infinity:undefined:undefined:undefined:undefined":9,"s:67:10:72:Infinity":37,"s:68:25:68:Infinity":38,"b:69:12:71:Infinity:undefined:undefined:undefined:undefined":10,"s:69:12:71:Infinity":39,"s:70:14:70:Infinity":40,"s:81:6:81:Infinity":41,"s:85:2:138:Infinity":42,"b:100:12:107:32:107:14:120:11":11,"b:108:12:113:13:113:12:120:11":12,"s:143:13:176:Infinity":43,"f:143:13:143:35":7,"s:144:2:175:Infinity":44,"f:144:2:144:18":8,"s:145:17:145:Infinity":45,"s:146:22:146:Infinity":46,"s:148:10:171:Infinity":47,"f:148:10:148:27":9,"b:150:6:150:Infinity:undefined:undefined:undefined:undefined":13,"s:150:6:150:Infinity":48,"b:150:10:150:31:150:31:150:54:150:54:150:73:150:73:150:91":14,"s:150:91:150:Infinity":49,"s:152:26:152:Infinity":50,"s:153:19:153:Infinity":51,"s:154:6:154:Infinity":52,"b:157:6:170:Infinity:167:13:170:Infinity":15,"s:157:6:170:Infinity":53,"b:158:8:166:Infinity:164:15:166:Infinity":16,"s:158:8:166:Infinity":54,"b:159:10:162:Infinity:undefined:undefined:undefined:undefined":17,"s:159:10:162:Infinity":55,"s:160:12:160:Infinity":56,"s:161:12:161:Infinity":57,"s:163:10:163:Infinity":58,"s:165:10:165:Infinity":59,"s:169:8:169:Infinity":60,"b:169:37:169:42:169:42:169:Infinity":18,"s:173:4:173:Infinity":61,"s:174:4:174:Infinity":62,"f:174:4:174:17":10,"s:174:17:174:Infinity":63,"s:178:52:336:Infinity":64}}}
,"/Users/shenux/Desktop/Shopbook/shopbook-pos/web/src/components/pos/TotalsSummary.tsx": {"path":"/Users/shenux/Desktop/Shopbook/shopbook-pos/web/src/components/pos/TotalsSummary.tsx","statementMap":{"0":{"start":{"line":1,"column":0},"end":{"line":1,"column":null}},"1":{"start":{"line":30,"column":13},"end":{"line":161,"column":null}},"2":{"start":{"line":54,"column":2},"end":{"line":159,"column":null}},"3":{"start":{"line":66,"column":14},"end":{"line":66,"column":null}},"4":{"start":{"line":67,"column":14},"end":{"line":67,"column":null}},"5":{"start":{"line":68,"column":14},"end":{"line":68,"column":null}},"6":{"start":{"line":69,"column":14},"end":{"line":69,"column":null}},"7":{"start":{"line":69,"column":31},"end":{"line":69,"column":66}},"8":{"start":{"line":80,"column":31},"end":{"line":80,"column":null}},"9":{"start":{"line":82,"column":16},"end":{"line":85,"column":null}},"10":{"start":{"line":83,"column":18},"end":{"line":83,"column":null}},"11":{"start":{"line":84,"column":18},"end":{"line":84,"column":null}},"12":{"start":{"line":96,"column":31},"end":{"line":96,"column":null}},"13":{"start":{"line":98,"column":16},"end":{"line":106,"column":null}},"14":{"start":{"line":99,"column":18},"end":{"line":99,"column":null}},"15":{"start":{"line":100,"column":23},"end":{"line":106,"column":null}},"16":{"start":{"line":101,"column":18},"end":{"line":101,"column":null}},"17":{"start":{"line":102,"column":18},"end":{"line":102,"column":null}},"18":{"start":{"line":103,"column":23},"end":{"line":106,"column":null}},"19":{"start":{"line":104,"column":18},"end":{"line":104,"column":null}},"20":{"start":{"line":105,"column":18},"end":{"line":105,"column":null}},"21":{"start":{"line":111,"column":35},"end":{"line":111,"column":64}},"22":{"start":{"line":125,"column":14},"end":{"line":125,"column":null}},"23":{"start":{"line":126,"column":14},"end":{"line":126,"column":null}},"24":{"start":{"line":127,"column":14},"end":{"line":127,"column":null}},"25":{"start":{"line":127,"column":31},"end":{"line":127,"column":61}},"26":{"start":{"line":140,"column":31},"end":{"line":140,"column":null}},"27":{"start":{"line":141,"column":34},"end":{"line":141,"column":74}},"28":{"start":{"line":141,"column":57},"end":{"line":141,"column":74}},"29":{"start":{"line":146,"column":35},"end":{"line":146,"column":59}},"30":{"start":{"line":163,"column":52},"end":{"line":239,"column":null}}},"fnMap":{"0":{"name":"(anonymous_0)","decl":{"start":{"line":30,"column":13},"end":{"line":30,"column":60}},"loc":{"start":{"line":53,"column":6},"end":{"line":161,"column":null}},"line":53},"1":{"name":"(anonymous_1)","decl":{"start":{"line":65,"column":12},"end":{"line":65,"column":27}},"loc":{"start":{"line":65,"column":27},"end":{"line":70,"column":null}},"line":65},"2":{"name":"(anonymous_2)","decl":{"start":{"line":69,"column":14},"end":{"line":69,"column":31}},"loc":{"start":{"line":69,"column":31},"end":{"line":69,"column":66}},"line":69},"3":{"name":"(anonymous_3)","decl":{"start":{"line":80,"column":14},"end":{"line":80,"column":25}},"loc":{"start":{"line":80,"column":31},"end":{"line":80,"column":null}},"line":80},"4":{"name":"(anonymous_4)","decl":{"start":{"line":81,"column":14},"end":{"line":81,"column":26}},"loc":{"start":{"line":81,"column":32},"end":{"line":86,"column":null}},"line":81},"5":{"name":"(anonymous_5)","decl":{"start":{"line":96,"column":14},"end":{"line":96,"column":25}},"loc":{"start":{"line":96,"column":31},"end":{"line":96,"column":null}},"line":96},"6":{"name":"(anonymous_6)","decl":{"start":{"line":97,"column":14},"end":{"line":97,"column":26}},"loc":{"start":{"line":97,"column":32},"end":{"line":107,"column":null}},"line":97},"7":{"name":"(anonymous_7)","decl":{"start":{"line":111,"column":20},"end":{"line":111,"column":35}},"loc":{"start":{"line":111,"column":35},"end":{"line":111,"column":64}},"line":111},"8":{"name":"(anonymous_8)","decl":{"start":{"line":124,"column":12},"end":{"line":124,"column":27}},"loc":{"start":{"line":124,"column":27},"end":{"line":128,"column":null}},"line":124},"9":{"name":"(anonymous_9)","decl":{"start":{"line":127,"column":14},"end":{"line":127,"column":31}},"loc":{"start":{"line":127,"column":31},"end":{"line":127,"column":61}},"line":127},"10":{"name":"(anonymous_10)","decl":{"start":{"line":140,"column":14},"end":{"line":140,"column":25}},"loc":{"start":{"line":140,"column":31},"end":{"line":140,"column":null}},"line":140},"11":{"name":"(anonymous_11)","decl":{"start":{"line":141,"column":14},"end":{"line":141,"column":26}},"loc":{"start":{"line":141,"column":32},"end":{"line":141,"column":null}},"line":141},"12":{"name":"(anonymous_12)","decl":{"start":{"line":146,"column":20},"end":{"line":146,"column":35}},"loc":{"start":{"line":146,"column":35},"end":{"line":146,"column":59}},"line":146}},"branchMap":{"0":{"loc":{"start":{"line":67,"column":34},"end":{"line":67,"column":81}},"type":"cond-expr","locations":[{"start":{"line":67,"column":60},"end":{"line":67,"column":69}},{"start":{"line":67,"column":69},"end":{"line":67,"column":81}}],"line":67},"1":{"loc":{"start":{"line":73,"column":18},"end":{"line":73,"column":null}},"type":"cond-expr","locations":[{"start":{"line":73,"column":41},"end":{"line":73,"column":50}},{"start":{"line":73,"column":50},"end":{"line":73,"column":null}}],"line":73},"2":{"loc":{"start":{"line":76,"column":9},"end":{"line":118,"column":null}},"type":"cond-expr","locations":[{"start":{"line":77,"column":10},"end":{"line":114,"column":11}},{"start":{"line":114,"column":10},"end":{"line":118,"column":null}}],"line":76},"3":{"loc":{"start":{"line":82,"column":16},"end":{"line":85,"column":null}},"type":"if","locations":[{"start":{"line":82,"column":16},"end":{"line":85,"column":null}},{"start":{},"end":{}}],"line":82},"4":{"loc":{"start":{"line":98,"column":16},"end":{"line":106,"column":null}},"type":"if","locations":[{"start":{"line":98,"column":16},"end":{"line":106,"column":null}},{"start":{"line":100,"column":23},"end":{"line":106,"column":null}}],"line":98},"5":{"loc":{"start":{"line":100,"column":23},"end":{"line":106,"column":null}},"type":"if","locations":[{"start":{"line":100,"column":23},"end":{"line":106,"column":null}},{"start":{"line":103,"column":23},"end":{"line":106,"column":null}}],"line":100},"6":{"loc":{"start":{"line":100,"column":27},"end":{"line":100,"column":76}},"type":"binary-expr","locations":[{"start":{"line":100,"column":27},"end":{"line":100,"column":44}},{"start":{"line":100,"column":44},"end":{"line":100,"column":61}},{"start":{"line":100,"column":61},"end":{"line":100,"column":76}}],"line":100},"7":{"loc":{"start":{"line":103,"column":23},"end":{"line":106,"column":null}},"type":"if","locations":[{"start":{"line":103,"column":23},"end":{"line":106,"column":null}},{"start":{},"end":{}}],"line":103},"8":{"loc":{"start":{"line":103,"column":27},"end":{"line":103,"column":76}},"type":"binary-expr","locations":[{"start":{"line":103,"column":27},"end":{"line":103,"column":44}},{"start":{"line":103,"column":44},"end":{"line":103,"column":61}},{"start":{"line":103,"column":61},"end":{"line":103,"column":76}}],"line":103},"9":{"loc":{"start":{"line":114,"column":23},"end":{"line":114,"column":null}},"type":"cond-expr","locations":[{"start":{"line":114,"column":44},"end":{"line":114,"column":94}},{"start":{"line":114,"column":94},"end":{"line":114,"column":null}}],"line":114},"10":{"loc":{"start":{"line":115,"column":13},"end":{"line":115,"column":null}},"type":"cond-expr","locations":[{"start":{"line":115,"column":34},"end":{"line":115,"column":79}},{"start":{"line":115,"column":79},"end":{"line":115,"column":null}}],"line":115},"11":{"loc":{"start":{"line":131,"column":18},"end":{"line":131,"column":null}},"type":"cond-expr","locations":[{"start":{"line":131,"column":41},"end":{"line":131,"column":50}},{"start":{"line":131,"column":50},"end":{"line":131,"column":null}}],"line":131},"12":{"loc":{"start":{"line":134,"column":9},"end":{"line":151,"column":null}},"type":"cond-expr","locations":[{"start":{"line":135,"column":10},"end":{"line":149,"column":11}},{"start":{"line":149,"column":10},"end":{"line":151,"column":null}}],"line":134},"13":{"loc":{"start":{"line":141,"column":34},"end":{"line":141,"column":74}},"type":"if","locations":[{"start":{"line":141,"column":34},"end":{"line":141,"column":74}},{"start":{},"end":{}}],"line":141}},"s":{"0":1,"1":1,"2":22,"3":2,"4":2,"5":2,"6":2,"7":2,"8":1,"9":1,"10":1,"11":1,"12":1,"13":6,"14":1,"15":5,"16":3,"17":3,"18":2,"19":2,"20":2,"21":1,"22":1,"23":1,"24":1,"25":1,"26":1,"27":1,"28":1,"29":1,"30":1},"f":{"0":22,"1":2,"2":2,"3":1,"4":1,"5":1,"6":6,"7":1,"8":1,"9":1,"10":1,"11":1,"12":1},"b":{"0":[1,1],"1":[21,1],"2":[12,10],"3":[1,0],"4":[1,5],"5":[3,2],"6":[5,4,3],"7":[2,0],"8":[2,1,0],"9":[9,1],"10":[9,1],"11":[21,1],"12":[5,17],"13":[1,0]},"meta":{"lastBranch":14,"lastFunction":13,"lastStatement":31,"seen":{"s:1:0:1:Infinity":0,"s:30:13:161:Infinity":1,"f:30:13:30:60":0,"s:54:2:159:Infinity":2,"f:65:12:65:27":1,"s:66:14:66:Infinity":3,"s:67:14:67:Infinity":4,"b:67:60:67:69:67:69:67:81":0,"s:68:14:68:Infinity":5,"s:69:14:69:Infinity":6,"f:69:14:69:31":2,"s:69:31:69:66":7,"b:73:41:73:50:73:50:73:Infinity":1,"b:77:10:114:11:114:10:118:Infinity":2,"f:80:14:80:25":3,"s:80:31:80:Infinity":8,"f:81:14:81:26":4,"b:82:16:85:Infinity:undefined:undefined:undefined:undefined":3,"s:82:16:85:Infinity":9,"s:83:18:83:Infinity":10,"s:84:18:84:Infinity":11,"f:96:14:96:25":5,"s:96:31:96:Infinity":12,"f:97:14:97:26":6,"b:98:16:106:Infinity:100:23:106:Infinity":4,"s:98:16:106:Infinity":13,"s:99:18:99:Infinity":14,"b:100:23:106:Infinity:103:23:106:Infinity":5,"s:100:23:106:Infinity":15,"b:100:27:100:44:100:44:100:61:100:61:100:76":6,"s:101:18:101:Infinity":16,"s:102:18:102:Infinity":17,"b:103:23:106:Infinity:undefined:undefined:undefined:undefined":7,"s:103:23:106:Infinity":18,"b:103:27:103:44:103:44:103:61:103:61:103:76":8,"s:104:18:104:Infinity":19,"s:105:18:105:Infinity":20,"f:111:20:111:35":7,"s:111:35:111:64":21,"b:114:44:114:94:114:94:114:Infinity":9,"b:115:34:115:79:115:79:115:Infinity":10,"f:124:12:124:27":8,"s:125:14:125:Infinity":22,"s:126:14:126:Infinity":23,"s:127:14:127:Infinity":24,"f:127:14:127:31":9,"s:127:31:127:61":25,"b:131:41:131:50:131:50:131:Infinity":11,"b:135:10:149:11:149:10:151:Infinity":12,"f:140:14:140:25":10,"s:140:31:140:Infinity":26,"f:141:14:141:26":11,"b:141:34:141:74:undefined:undefined:undefined:undefined":13,"s:141:34:141:74":27,"s:141:57:141:74":28,"f:146:20:146:35":12,"s:146:35:146:59":29,"s:163:52:239:Infinity":30}}}
,"/Users/shenux/Desktop/Shopbook/shopbook-pos/web/src/db/schema.ts": {"path":"/Users/shenux/Desktop/Shopbook/shopbook-pos/web/src/db/schema.ts","statementMap":{"0":{"start":{"line":3,"column":13},"end":{"line":95,"column":null}}},"fnMap":{},"branchMap":{},"s":{"0":3},"f":{},"b":{},"meta":{"lastBranch":0,"lastFunction":0,"lastStatement":1,"seen":{"s:3:13:95:Infinity":0}}}
,"/Users/shenux/Desktop/Shopbook/shopbook-pos/web/src/db/__mocks__/database.ts": {"path":"/Users/shenux/Desktop/Shopbook/shopbook-pos/web/src/db/__mocks__/database.ts","statementMap":{"0":{"start":{"line":3,"column":25},"end":{"line":3,"column":null}},"1":{"start":{"line":4,"column":26},"end":{"line":4,"column":null}},"2":{"start":{"line":5,"column":26},"end":{"line":5,"column":null}},"3":{"start":{"line":6,"column":27},"end":{"line":6,"column":null}},"4":{"start":{"line":9,"column":48},"end":{"line":34,"column":null}},"5":{"start":{"line":36,"column":21},"end":{"line":44,"column":null}},"6":{"start":{"line":38,"column":4},"end":{"line":41,"column":null}},"7":{"start":{"line":43,"column":44},"end":{"line":43,"column":48}},"8":{"start":{"line":47,"column":22},"end":{"line":47,"column":null}}},"fnMap":{"0":{"name":"(anonymous_0)","decl":{"start":{"line":37,"column":15},"end":{"line":37,"column":35}},"loc":{"start":{"line":37,"column":57},"end":{"line":42,"column":3}},"line":37},"1":{"name":"(anonymous_1)","decl":{"start":{"line":43,"column":17},"end":{"line":43,"column":37}},"loc":{"start":{"line":43,"column":44},"end":{"line":43,"column":48}},"line":43}},"branchMap":{"0":{"loc":{"start":{"line":38,"column":11},"end":{"line":41,"column":null}},"type":"binary-expr","locations":[{"start":{"line":38,"column":11},"end":{"line":38,"column":37}},{"start":{"line":38,"column":37},"end":{"line":41,"column":null}}],"line":38}},"s":{"0":6,"1":6,"2":6,"3":6,"4":6,"5":6,"6":1,"7":1,"8":6},"f":{"0":1,"1":1},"b":{"0":[1,1]},"meta":{"lastBranch":1,"lastFunction":2,"lastStatement":9,"seen":{"s:3:25:3:Infinity":0,"s:4:26:4:Infinity":1,"s:5:26:5:Infinity":2,"s:6:27:6:Infinity":3,"s:9:48:34:Infinity":4,"s:36:21:44:Infinity":5,"f:37:15:37:35":0,"s:38:4:41:Infinity":6,"b:38:11:38:37:38:37:41:Infinity":0,"f:43:17:43:37":1,"s:43:44:43:48":7,"s:47:22:47:Infinity":8}}}
,"/Users/shenux/Desktop/Shopbook/shopbook-pos/web/src/hooks/useActiveDeviceTracker.ts": {"path":"/Users/shenux/Desktop/Shopbook/shopbook-pos/web/src/hooks/useActiveDeviceTracker.ts","statementMap":{"0":{"start":{"line":6,"column":29},"end":{"line":6,"column":null}},"1":{"start":{"line":9,"column":2},"end":{"line":13,"column":null}},"2":{"start":{"line":10,"column":15},"end":{"line":10,"column":null}},"3":{"start":{"line":11,"column":14},"end":{"line":11,"column":null}},"4":{"start":{"line":12,"column":4},"end":{"line":12,"column":null}},"5":{"start":{"line":17,"column":2},"end":{"line":17,"column":null}},"6":{"start":{"line":17,"column":37},"end":{"line":17,"column":null}},"7":{"start":{"line":18,"column":13},"end":{"line":18,"column":null}},"8":{"start":{"line":19,"column":11},"end":{"line":19,"column":null}},"9":{"start":{"line":20,"column":2},"end":{"line":25,"column":null}},"10":{"start":{"line":20,"column":32},"end":{"line":20,"column":null}},"11":{"start":{"line":21,"column":7},"end":{"line":25,"column":null}},"12":{"start":{"line":21,"column":37},"end":{"line":21,"column":null}},"13":{"start":{"line":22,"column":7},"end":{"line":25,"column":null}},"14":{"start":{"line":22,"column":37},"end":{"line":22,"column":null}},"15":{"start":{"line":23,"column":7},"end":{"line":25,"column":null}},"16":{"start":{"line":23,"column":39},"end":{"line":23,"column":null}},"17":{"start":{"line":24,"column":7},"end":{"line":25,"column":null}},"18":{"start":{"line":24,"column":31},"end":{"line":24,"column":null}},"19":{"start":{"line":25,"column":7},"end":{"line":25,"column":null}},"20":{"start":{"line":25,"column":40},"end":{"line":25,"column":null}},"21":{"start":{"line":27,"column":16},"end":{"line":27,"column":null}},"22":{"start":{"line":28,"column":2},"end":{"line":31,"column":null}},"23":{"start":{"line":28,"column":35},"end":{"line":28,"column":null}},"24":{"start":{"line":29,"column":7},"end":{"line":31,"column":null}},"25":{"start":{"line":29,"column":41},"end":{"line":29,"column":null}},"26":{"start":{"line":30,"column":7},"end":{"line":31,"column":null}},"27":{"start":{"line":30,"column":40},"end":{"line":30,"column":null}},"28":{"start":{"line":31,"column":7},"end":{"line":31,"column":null}},"29":{"start":{"line":31,"column":38},"end":{"line":31,"column":null}},"30":{"start":{"line":33,"column":2},"end":{"line":33,"column":null}},"31":{"start":{"line":40,"column":2},"end":{"line":54,"column":null}},"32":{"start":{"line":41,"column":4},"end":{"line":41,"column":null}},"33":{"start":{"line":41,"column":39},"end":{"line":41,"column":null}},"34":{"start":{"line":42,"column":21},"end":{"line":42,"column":null}},"35":{"start":{"line":43,"column":29},"end":{"line":43,"column":null}},"36":{"start":{"line":44,"column":4},"end":{"line":51,"column":null}},"37":{"start":{"line":45,"column":6},"end":{"line":49,"column":null}},"38":{"start":{"line":50,"column":6},"end":{"line":50,"column":null}},"39":{"start":{"line":53,"column":4},"end":{"line":53,"column":null}},"40":{"start":{"line":58,"column":8},"end":{"line":58,"column":null}},"41":{"start":{"line":58,"column":41},"end":{"line":58,"column":53}},"42":{"start":{"line":59,"column":8},"end":{"line":59,"column":null}},"43":{"start":{"line":59,"column":49},"end":{"line":59,"column":65}},"44":{"start":{"line":60,"column":27},"end":{"line":60,"column":null}},"45":{"start":{"line":61,"column":8},"end":{"line":61,"column":null}},"46":{"start":{"line":61,"column":47},"end":{"line":61,"column":65}},"47":{"start":{"line":62,"column":8},"end":{"line":62,"column":null}},"48":{"start":{"line":62,"column":43},"end":{"line":62,"column":57}},"49":{"start":{"line":63,"column":8},"end":{"line":63,"column":null}},"50":{"start":{"line":63,"column":39},"end":{"line":63,"column":49}},"51":{"start":{"line":64,"column":8},"end":{"line":64,"column":null}},"52":{"start":{"line":64,"column":37},"end":{"line":64,"column":45}},"53":{"start":{"line":66,"column":8},"end":{"line":66,"column":null}},"54":{"start":{"line":68,"column":2},"end":{"line":193,"column":null}},"55":{"start":{"line":69,"column":4},"end":{"line":75,"column":null}},"56":{"start":{"line":70,"column":6},"end":{"line":73,"column":null}},"57":{"start":{"line":71,"column":8},"end":{"line":71,"column":null}},"58":{"start":{"line":72,"column":8},"end":{"line":72,"column":null}},"59":{"start":{"line":74,"column":6},"end":{"line":74,"column":null}},"60":{"start":{"line":77,"column":23},"end":{"line":77,"column":null}},"61":{"start":{"line":79,"column":23},"end":{"line":176,"column":null}},"62":{"start":{"line":80,"column":6},"end":{"line":175,"column":null}},"63":{"start":{"line":81,"column":8},"end":{"line":81,"column":null}},"64":{"start":{"line":81,"column":43},"end":{"line":81,"column":null}},"65":{"start":{"line":82,"column":8},"end":{"line":85,"column":null}},"66":{"start":{"line":83,"column":10},"end":{"line":83,"column":null}},"67":{"start":{"line":84,"column":10},"end":{"line":84,"column":null}},"68":{"start":{"line":88,"column":23},"end":{"line":88,"column":null}},"69":{"start":{"line":89,"column":8},"end":{"line":92,"column":null}},"70":{"start":{"line":90,"column":10},"end":{"line":90,"column":null}},"71":{"start":{"line":91,"column":10},"end":{"line":91,"column":null}},"72":{"start":{"line":95,"column":42},"end":{"line":95,"column":null}},"73":{"start":{"line":96,"column":8},"end":{"line":103,"column":null}},"74":{"start":{"line":97,"column":10},"end":{"line":100,"column":null}},"75":{"start":{"line":98,"column":33},"end":{"line":98,"column":null}},"76":{"start":{"line":99,"column":12},"end":{"line":99,"column":null}},"77":{"start":{"line":106,"column":38},"end":{"line":106,"column":null}},"78":{"start":{"line":107,"column":39},"end":{"line":107,"column":null}},"79":{"start":{"line":108,"column":27},"end":{"line":108,"column":null}},"80":{"start":{"line":110,"column":8},"end":{"line":130,"column":null}},"81":{"start":{"line":111,"column":10},"end":{"line":125,"column":null}},"82":{"start":{"line":112,"column":34},"end":{"line":117,"column":null}},"83":{"start":{"line":113,"column":14},"end":{"line":116,"column":null}},"84":{"start":{"line":118,"column":12},"end":{"line":118,"column":null}},"85":{"start":{"line":119,"column":12},"end":{"line":119,"column":null}},"86":{"start":{"line":120,"column":12},"end":{"line":122,"column":null}},"87":{"start":{"line":121,"column":14},"end":{"line":121,"column":null}},"88":{"start":{"line":124,"column":12},"end":{"line":124,"column":null}},"89":{"start":{"line":127,"column":10},"end":{"line":129,"column":null}},"90":{"start":{"line":128,"column":12},"end":{"line":128,"column":null}},"91":{"start":{"line":132,"column":28},"end":{"line":132,"column":null}},"92":{"start":{"line":133,"column":25},"end":{"line":133,"column":null}},"93":{"start":{"line":135,"column":24},"end":{"line":150,"column":null}},"94":{"start":{"line":153,"column":39},"end":{"line":155,"column":null}},"95":{"start":{"line":157,"column":8},"end":{"line":159,"column":null}},"96":{"start":{"line":158,"column":10},"end":{"line":158,"column":null}},"97":{"start":{"line":162,"column":56},"end":{"line":167,"column":null}},"98":{"start":{"line":169,"column":8},"end":{"line":172,"column":null}},"99":{"start":{"line":170,"column":10},"end":{"line":170,"column":null}},"100":{"start":{"line":171,"column":10},"end":{"line":171,"column":null}},"101":{"start":{"line":174,"column":8},"end":{"line":174,"column":null}},"102":{"start":{"line":179,"column":4},"end":{"line":179,"column":null}},"103":{"start":{"line":182,"column":4},"end":{"line":184,"column":null}},"104":{"start":{"line":183,"column":6},"end":{"line":183,"column":null}},"105":{"start":{"line":183,"column":24},"end":{"line":183,"column":null}},"106":{"start":{"line":186,"column":4},"end":{"line":192,"column":null}},"107":{"start":{"line":187,"column":6},"end":{"line":187,"column":null}},"108":{"start":{"line":188,"column":6},"end":{"line":191,"column":null}},"109":{"start":{"line":189,"column":8},"end":{"line":189,"column":null}},"110":{"start":{"line":190,"column":8},"end":{"line":190,"column":null}}},"fnMap":{"0":{"name":"generateUUID","decl":{"start":{"line":8,"column":9},"end":{"line":8,"column":24}},"loc":{"start":{"line":8,"column":24},"end":{"line":14,"column":null}},"line":8},"1":{"name":"(anonymous_1)","decl":{"start":{"line":9,"column":56},"end":{"line":9,"column":66}},"loc":{"start":{"line":9,"column":72},"end":{"line":13,"column":3}},"line":9},"2":{"name":"getBrowserAndOS","decl":{"start":{"line":16,"column":9},"end":{"line":16,"column":27}},"loc":{"start":{"line":16,"column":27},"end":{"line":34,"column":null}},"line":16},"3":{"name":"deleteCurrentDeviceSession","decl":{"start":{"line":39,"column":22},"end":{"line":39,"column":51}},"loc":{"start":{"line":39,"column":51},"end":{"line":55,"column":null}},"line":39},"4":{"name":"useActiveDeviceTracker","decl":{"start":{"line":57,"column":16},"end":{"line":57,"column":41}},"loc":{"start":{"line":57,"column":41},"end":{"line":194,"column":null}},"line":57},"5":{"name":"(anonymous_5)","decl":{"start":{"line":58,"column":21},"end":{"line":58,"column":35}},"loc":{"start":{"line":58,"column":41},"end":{"line":58,"column":53}},"line":58},"6":{"name":"(anonymous_6)","decl":{"start":{"line":59,"column":25},"end":{"line":59,"column":43}},"loc":{"start":{"line":59,"column":49},"end":{"line":59,"column":65}},"line":59},"7":{"name":"(anonymous_7)","decl":{"start":{"line":61,"column":27},"end":{"line":61,"column":41}},"loc":{"start":{"line":61,"column":47},"end":{"line":61,"column":65}},"line":61},"8":{"name":"(anonymous_8)","decl":{"start":{"line":62,"column":23},"end":{"line":62,"column":37}},"loc":{"start":{"line":62,"column":43},"end":{"line":62,"column":57}},"line":62},"9":{"name":"(anonymous_9)","decl":{"start":{"line":63,"column":19},"end":{"line":63,"column":33}},"loc":{"start":{"line":63,"column":39},"end":{"line":63,"column":49}},"line":63},"10":{"name":"(anonymous_10)","decl":{"start":{"line":64,"column":17},"end":{"line":64,"column":31}},"loc":{"start":{"line":64,"column":37},"end":{"line":64,"column":45}},"line":64},"11":{"name":"(anonymous_11)","decl":{"start":{"line":68,"column":2},"end":{"line":68,"column":18}},"loc":{"start":{"line":68,"column":18},"end":{"line":193,"column":5}},"line":68},"12":{"name":"(anonymous_12)","decl":{"start":{"line":79,"column":23},"end":{"line":79,"column":35}},"loc":{"start":{"line":79,"column":35},"end":{"line":176,"column":null}},"line":79},"13":{"name":"(anonymous_13)","decl":{"start":{"line":112,"column":44},"end":{"line":112,"column":53}},"loc":{"start":{"line":112,"column":73},"end":{"line":117,"column":13}},"line":112},"14":{"name":"(anonymous_14)","decl":{"start":{"line":182,"column":33},"end":{"line":182,"column":51}},"loc":{"start":{"line":182,"column":51},"end":{"line":184,"column":7}},"line":182},"15":{"name":"(anonymous_15)","decl":{"start":{"line":186,"column":4},"end":{"line":186,"column":17}},"loc":{"start":{"line":186,"column":17},"end":{"line":192,"column":null}},"line":186}},"branchMap":{"0":{"loc":{"start":{"line":11,"column":14},"end":{"line":11,"column":null}},"type":"cond-expr","locations":[{"start":{"line":11,"column":26},"end":{"line":11,"column":31}},{"start":{"line":11,"column":31},"end":{"line":11,"column":null}}],"line":11},"1":{"loc":{"start":{"line":17,"column":2},"end":{"line":17,"column":null}},"type":"if","locations":[{"start":{"line":17,"column":2},"end":{"line":17,"column":null}},{"start":{},"end":{}}],"line":17},"2":{"loc":{"start":{"line":20,"column":2},"end":{"line":25,"column":null}},"type":"if","locations":[{"start":{"line":20,"column":2},"end":{"line":25,"column":null}},{"start":{"line":21,"column":7},"end":{"line":25,"column":null}}],"line":20},"3":{"loc":{"start":{"line":21,"column":7},"end":{"line":25,"column":null}},"type":"if","locations":[{"start":{"line":21,"column":7},"end":{"line":25,"column":null}},{"start":{"line":22,"column":7},"end":{"line":25,"column":null}}],"line":21},"4":{"loc":{"start":{"line":22,"column":7},"end":{"line":25,"column":null}},"type":"if","locations":[{"start":{"line":22,"column":7},"end":{"line":25,"column":null}},{"start":{"line":23,"column":7},"end":{"line":25,"column":null}}],"line":22},"5":{"loc":{"start":{"line":23,"column":7},"end":{"line":25,"column":null}},"type":"if","locations":[{"start":{"line":23,"column":7},"end":{"line":25,"column":null}},{"start":{"line":24,"column":7},"end":{"line":25,"column":null}}],"line":23},"6":{"loc":{"start":{"line":24,"column":7},"end":{"line":25,"column":null}},"type":"if","locations":[{"start":{"line":24,"column":7},"end":{"line":25,"column":null}},{"start":{"line":25,"column":7},"end":{"line":25,"column":null}}],"line":24},"7":{"loc":{"start":{"line":25,"column":7},"end":{"line":25,"column":null}},"type":"if","locations":[{"start":{"line":25,"column":7},"end":{"line":25,"column":null}},{"start":{},"end":{}}],"line":25},"8":{"loc":{"start":{"line":28,"column":2},"end":{"line":31,"column":null}},"type":"if","locations":[{"start":{"line":28,"column":2},"end":{"line":31,"column":null}},{"start":{"line":29,"column":7},"end":{"line":31,"column":null}}],"line":28},"9":{"loc":{"start":{"line":29,"column":7},"end":{"line":31,"column":null}},"type":"if","locations":[{"start":{"line":29,"column":7},"end":{"line":31,"column":null}},{"start":{"line":30,"column":7},"end":{"line":31,"column":null}}],"line":29},"10":{"loc":{"start":{"line":30,"column":7},"end":{"line":31,"column":null}},"type":"if","locations":[{"start":{"line":30,"column":7},"end":{"line":31,"column":null}},{"start":{"line":31,"column":7},"end":{"line":31,"column":null}}],"line":30},"11":{"loc":{"start":{"line":31,"column":7},"end":{"line":31,"column":null}},"type":"if","locations":[{"start":{"line":31,"column":7},"end":{"line":31,"column":null}},{"start":{},"end":{}}],"line":31},"12":{"loc":{"start":{"line":41,"column":4},"end":{"line":41,"column":null}},"type":"if","locations":[{"start":{"line":41,"column":4},"end":{"line":41,"column":null}},{"start":{},"end":{}}],"line":41},"13":{"loc":{"start":{"line":44,"column":4},"end":{"line":51,"column":null}},"type":"if","locations":[{"start":{"line":44,"column":4},"end":{"line":51,"column":null}},{"start":{},"end":{}}],"line":44},"14":{"loc":{"start":{"line":44,"column":8},"end":{"line":44,"column":66}},"type":"binary-expr","locations":[{"start":{"line":44,"column":8},"end":{"line":44,"column":20}},{"start":{"line":44,"column":20},"end":{"line":44,"column":40}},{"start":{"line":44,"column":40},"end":{"line":44,"column":66}}],"line":44},"15":{"loc":{"start":{"line":69,"column":4},"end":{"line":75,"column":null}},"type":"if","locations":[{"start":{"line":69,"column":4},"end":{"line":75,"column":null}},{"start":{},"end":{}}],"line":69},"16":{"loc":{"start":{"line":69,"column":8},"end":{"line":69,"column":70}},"type":"binary-expr","locations":[{"start":{"line":69,"column":8},"end":{"line":69,"column":23}},{"start":{"line":69,"column":23},"end":{"line":69,"column":44}},{"start":{"line":69,"column":44},"end":{"line":69,"column":70}}],"line":69},"17":{"loc":{"start":{"line":70,"column":6},"end":{"line":73,"column":null}},"type":"if","locations":[{"start":{"line":70,"column":6},"end":{"line":73,"column":null}},{"start":{},"end":{}}],"line":70},"18":{"loc":{"start":{"line":81,"column":8},"end":{"line":81,"column":null}},"type":"if","locations":[{"start":{"line":81,"column":8},"end":{"line":81,"column":null}},{"start":{},"end":{}}],"line":81},"19":{"loc":{"start":{"line":82,"column":8},"end":{"line":85,"column":null}},"type":"if","locations":[{"start":{"line":82,"column":8},"end":{"line":85,"column":null}},{"start":{},"end":{}}],"line":82},"20":{"loc":{"start":{"line":89,"column":8},"end":{"line":92,"column":null}},"type":"if","locations":[{"start":{"line":89,"column":8},"end":{"line":92,"column":null}},{"start":{},"end":{}}],"line":89},"21":{"loc":{"start":{"line":97,"column":10},"end":{"line":100,"column":null}},"type":"if","locations":[{"start":{"line":97,"column":10},"end":{"line":100,"column":null}},{"start":{},"end":{}}],"line":97},"22":{"loc":{"start":{"line":111,"column":10},"end":{"line":125,"column":null}},"type":"if","locations":[{"start":{"line":111,"column":10},"end":{"line":125,"column":null}},{"start":{"line":123,"column":17},"end":{"line":125,"column":null}}],"line":111},"23":{"loc":{"start":{"line":120,"column":12},"end":{"line":122,"column":null}},"type":"if","locations":[{"start":{"line":120,"column":12},"end":{"line":122,"column":null}},{"start":{},"end":{}}],"line":120},"24":{"loc":{"start":{"line":120,"column":16},"end":{"line":120,"column":79}},"type":"binary-expr","locations":[{"start":{"line":120,"column":16},"end":{"line":120,"column":48}},{"start":{"line":120,"column":48},"end":{"line":120,"column":79}}],"line":120},"25":{"loc":{"start":{"line":127,"column":10},"end":{"line":129,"column":null}},"type":"if","locations":[{"start":{"line":127,"column":10},"end":{"line":129,"column":null}},{"start":{},"end":{}}],"line":127},"26":{"loc":{"start":{"line":127,"column":14},"end":{"line":127,"column":33}},"type":"binary-expr","locations":[{"start":{"line":127,"column":14},"end":{"line":127,"column":19}},{"start":{"line":127,"column":19},"end":{"line":127,"column":33}}],"line":127},"27":{"loc":{"start":{"line":133,"column":48},"end":{"line":133,"column":76}},"type":"binary-expr","locations":[{"start":{"line":133,"column":48},"end":{"line":133,"column":68}},{"start":{"line":133,"column":68},"end":{"line":133,"column":76}}],"line":133},"28":{"loc":{"start":{"line":138,"column":23},"end":{"line":138,"column":null}},"type":"binary-expr","locations":[{"start":{"line":138,"column":23},"end":{"line":138,"column":43}},{"start":{"line":138,"column":43},"end":{"line":138,"column":null}}],"line":138},"29":{"loc":{"start":{"line":139,"column":25},"end":{"line":139,"column":null}},"type":"binary-expr","locations":[{"start":{"line":139,"column":25},"end":{"line":139,"column":41}},{"start":{"line":139,"column":41},"end":{"line":139,"column":null}}],"line":139},"30":{"loc":{"start":{"line":157,"column":8},"end":{"line":159,"column":null}},"type":"if","locations":[{"start":{"line":157,"column":8},"end":{"line":159,"column":null}},{"start":{},"end":{}}],"line":157},"31":{"loc":{"start":{"line":169,"column":8},"end":{"line":172,"column":null}},"type":"if","locations":[{"start":{"line":169,"column":8},"end":{"line":172,"column":null}},{"start":{},"end":{}}],"line":169},"32":{"loc":{"start":{"line":169,"column":12},"end":{"line":169,"column":40}},"type":"binary-expr","locations":[{"start":{"line":169,"column":12},"end":{"line":169,"column":28}},{"start":{"line":169,"column":28},"end":{"line":169,"column":40}}],"line":169},"33":{"loc":{"start":{"line":183,"column":6},"end":{"line":183,"column":null}},"type":"if","locations":[{"start":{"line":183,"column":6},"end":{"line":183,"column":null}},{"start":{},"end":{}}],"line":183},"34":{"loc":{"start":{"line":188,"column":6},"end":{"line":191,"column":null}},"type":"if","locations":[{"start":{"line":188,"column":6},"end":{"line":191,"column":null}},{"start":{},"end":{}}],"line":188}},"s":{"0":1,"1":10,"2":310,"3":310,"4":310,"5":13,"6":0,"7":13,"8":13,"9":13,"10":1,"11":12,"12":1,"13":11,"14":1,"15":10,"16":0,"17":10,"18":2,"19":8,"20":0,"21":13,"22":13,"23":1,"24":12,"25":3,"26":9,"27":1,"28":8,"29":0,"30":13,"31":4,"32":4,"33":0,"34":4,"35":4,"36":4,"37":2,"38":1,"39":1,"40":28,"41":98,"42":28,"43":84,"44":28,"45":28,"46":98,"47":28,"48":98,"49":28,"50":98,"51":28,"52":98,"53":28,"54":28,"55":28,"56":14,"57":0,"58":0,"59":14,"60":14,"61":14,"62":15,"63":15,"64":0,"65":15,"66":1,"67":1,"68":14,"69":14,"70":10,"71":10,"72":13,"73":13,"74":13,"75":13,"76":13,"77":13,"78":13,"79":13,"80":13,"81":13,"82":3,"83":3,"84":2,"85":2,"86":2,"87":2,"88":10,"89":1,"90":1,"91":13,"92":13,"93":15,"94":15,"95":13,"96":1,"97":13,"98":13,"99":13,"100":13,"101":1,"102":14,"103":14,"104":1,"105":1,"106":14,"107":14,"108":14,"109":14,"110":14},"f":{"0":10,"1":310,"2":13,"3":4,"4":28,"5":98,"6":84,"7":98,"8":98,"9":98,"10":98,"11":28,"12":15,"13":3,"14":1,"15":14},"b":{"0":[300,10],"1":[0,13],"2":[1,12],"3":[1,11],"4":[1,10],"5":[0,10],"6":[2,8],"7":[0,8],"8":[1,12],"9":[3,9],"10":[1,8],"11":[0,8],"12":[0,4],"13":[2,2],"14":[4,3,3],"15":[14,14],"16":[28,15,15],"17":[0,14],"18":[0,15],"19":[1,14],"20":[10,4],"21":[13,0],"22":[3,10],"23":[2,0],"24":[2,2],"25":[1,0],"26":[1,1],"27":[13,11],"28":[15,11],"29":[15,0],"30":[1,12],"31":[13,0],"32":[13,13],"33":[1,0],"34":[14,0]},"meta":{"lastBranch":35,"lastFunction":16,"lastStatement":111,"seen":{"s:6:29:6:Infinity":0,"f:8:9:8:24":0,"s:9:2:13:Infinity":1,"f:9:56:9:66":1,"s:10:15:10:Infinity":2,"s:11:14:11:Infinity":3,"b:11:26:11:31:11:31:11:Infinity":0,"s:12:4:12:Infinity":4,"f:16:9:16:27":2,"b:17:2:17:Infinity:undefined:undefined:undefined:undefined":1,"s:17:2:17:Infinity":5,"s:17:37:17:Infinity":6,"s:18:13:18:Infinity":7,"s:19:11:19:Infinity":8,"b:20:2:25:Infinity:21:7:25:Infinity":2,"s:20:2:25:Infinity":9,"s:20:32:20:Infinity":10,"b:21:7:25:Infinity:22:7:25:Infinity":3,"s:21:7:25:Infinity":11,"s:21:37:21:Infinity":12,"b:22:7:25:Infinity:23:7:25:Infinity":4,"s:22:7:25:Infinity":13,"s:22:37:22:Infinity":14,"b:23:7:25:Infinity:24:7:25:Infinity":5,"s:23:7:25:Infinity":15,"s:23:39:23:Infinity":16,"b:24:7:25:Infinity:25:7:25:Infinity":6,"s:24:7:25:Infinity":17,"s:24:31:24:Infinity":18,"b:25:7:25:Infinity:undefined:undefined:undefined:undefined":7,"s:25:7:25:Infinity":19,"s:25:40:25:Infinity":20,"s:27:16:27:Infinity":21,"b:28:2:31:Infinity:29:7:31:Infinity":8,"s:28:2:31:Infinity":22,"s:28:35:28:Infinity":23,"b:29:7:31:Infinity:30:7:31:Infinity":9,"s:29:7:31:Infinity":24,"s:29:41:29:Infinity":25,"b:30:7:31:Infinity:31:7:31:Infinity":10,"s:30:7:31:Infinity":26,"s:30:40:30:Infinity":27,"b:31:7:31:Infinity:undefined:undefined:undefined:undefined":11,"s:31:7:31:Infinity":28,"s:31:38:31:Infinity":29,"s:33:2:33:Infinity":30,"f:39:22:39:51":3,"s:40:2:54:Infinity":31,"b:41:4:41:Infinity:undefined:undefined:undefined:undefined":12,"s:41:4:41:Infinity":32,"s:41:39:41:Infinity":33,"s:42:21:42:Infinity":34,"s:43:29:43:Infinity":35,"b:44:4:51:Infinity:undefined:undefined:undefined:undefined":13,"s:44:4:51:Infinity":36,"b:44:8:44:20:44:20:44:40:44:40:44:66":14,"s:45:6:49:Infinity":37,"s:50:6:50:Infinity":38,"s:53:4:53:Infinity":39,"f:57:16:57:41":4,"s:58:8:58:Infinity":40,"f:58:21:58:35":5,"s:58:41:58:53":41,"s:59:8:59:Infinity":42,"f:59:25:59:43":6,"s:59:49:59:65":43,"s:60:27:60:Infinity":44,"s:61:8:61:Infinity":45,"f:61:27:61:41":7,"s:61:47:61:65":46,"s:62:8:62:Infinity":47,"f:62:23:62:37":8,"s:62:43:62:57":48,"s:63:8:63:Infinity":49,"f:63:19:63:33":9,"s:63:39:63:49":50,"s:64:8:64:Infinity":51,"f:64:17:64:31":10,"s:64:37:64:45":52,"s:66:8:66:Infinity":53,"s:68:2:193:Infinity":54,"f:68:2:68:18":11,"b:69:4:75:Infinity:undefined:undefined:undefined:undefined":15,"s:69:4:75:Infinity":55,"b:69:8:69:23:69:23:69:44:69:44:69:70":16,"b:70:6:73:Infinity:undefined:undefined:undefined:undefined":17,"s:70:6:73:Infinity":56,"s:71:8:71:Infinity":57,"s:72:8:72:Infinity":58,"s:74:6:74:Infinity":59,"s:77:23:77:Infinity":60,"s:79:23:176:Infinity":61,"f:79:23:79:35":12,"s:80:6:175:Infinity":62,"b:81:8:81:Infinity:undefined:undefined:undefined:undefined":18,"s:81:8:81:Infinity":63,"s:81:43:81:Infinity":64,"b:82:8:85:Infinity:undefined:undefined:undefined:undefined":19,"s:82:8:85:Infinity":65,"s:83:10:83:Infinity":66,"s:84:10:84:Infinity":67,"s:88:23:88:Infinity":68,"b:89:8:92:Infinity:undefined:undefined:undefined:undefined":20,"s:89:8:92:Infinity":69,"s:90:10:90:Infinity":70,"s:91:10:91:Infinity":71,"s:95:42:95:Infinity":72,"s:96:8:103:Infinity":73,"b:97:10:100:Infinity:undefined:undefined:undefined:undefined":21,"s:97:10:100:Infinity":74,"s:98:33:98:Infinity":75,"s:99:12:99:Infinity":76,"s:106:38:106:Infinity":77,"s:107:39:107:Infinity":78,"s:108:27:108:Infinity":79,"s:110:8:130:Infinity":80,"b:111:10:125:Infinity:123:17:125:Infinity":22,"s:111:10:125:Infinity":81,"s:112:34:117:Infinity":82,"f:112:44:112:53":13,"s:113:14:116:Infinity":83,"s:118:12:118:Infinity":84,"s:119:12:119:Infinity":85,"b:120:12:122:Infinity:undefined:undefined:undefined:undefined":23,"s:120:12:122:Infinity":86,"b:120:16:120:48:120:48:120:79":24,"s:121:14:121:Infinity":87,"s:124:12:124:Infinity":88,"b:127:10:129:Infinity:undefined:undefined:undefined:undefined":25,"s:127:10:129:Infinity":89,"b:127:14:127:19:127:19:127:33":26,"s:128:12:128:Infinity":90,"s:132:28:132:Infinity":91,"s:133:25:133:Infinity":92,"b:133:48:133:68:133:68:133:76":27,"s:135:24:150:Infinity":93,"b:138:23:138:43:138:43:138:Infinity":28,"b:139:25:139:41:139:41:139:Infinity":29,"s:153:39:155:Infinity":94,"b:157:8:159:Infinity:undefined:undefined:undefined:undefined":30,"s:157:8:159:Infinity":95,"s:158:10:158:Infinity":96,"s:162:56:167:Infinity":97,"b:169:8:172:Infinity:undefined:undefined:undefined:undefined":31,"s:169:8:172:Infinity":98,"b:169:12:169:28:169:28:169:40":32,"s:170:10:170:Infinity":99,"s:171:10:171:Infinity":100,"s:174:8:174:Infinity":101,"s:179:4:179:Infinity":102,"s:182:4:184:Infinity":103,"f:182:33:182:51":14,"b:183:6:183:Infinity:undefined:undefined:undefined:undefined":33,"s:183:6:183:Infinity":104,"s:183:24:183:Infinity":105,"s:186:4:192:Infinity":106,"f:186:4:186:17":15,"s:187:6:187:Infinity":107,"b:188:6:191:Infinity:undefined:undefined:undefined:undefined":34,"s:188:6:191:Infinity":108,"s:189:8:189:Infinity":109,"s:190:8:190:Infinity":110}}}
,"/Users/shenux/Desktop/Shopbook/shopbook-pos/web/src/hooks/usePosBilling.ts": {"path":"/Users/shenux/Desktop/Shopbook/shopbook-pos/web/src/hooks/usePosBilling.ts","statementMap":{"0":{"start":{"line":1,"column":0},"end":{"line":1,"column":null}},"1":{"start":{"line":31,"column":8},"end":{"line":31,"column":null}},"2":{"start":{"line":36,"column":15},"end":{"line":37,"column":null}},"3":{"start":{"line":38,"column":8},"end":{"line":38,"column":null}},"4":{"start":{"line":38,"column":34},"end":{"line":38,"column":44}},"5":{"start":{"line":39,"column":8},"end":{"line":39,"column":null}},"6":{"start":{"line":39,"column":41},"end":{"line":39,"column":58}},"7":{"start":{"line":40,"column":8},"end":{"line":40,"column":null}},"8":{"start":{"line":40,"column":37},"end":{"line":40,"column":50}},"9":{"start":{"line":41,"column":8},"end":{"line":41,"column":null}},"10":{"start":{"line":41,"column":43},"end":{"line":41,"column":62}},"11":{"start":{"line":42,"column":8},"end":{"line":42,"column":null}},"12":{"start":{"line":43,"column":35},"end":{"line":43,"column":null}},"13":{"start":{"line":45,"column":8},"end":{"line":45,"column":null}},"14":{"start":{"line":45,"column":41},"end":{"line":45,"column":53}},"15":{"start":{"line":46,"column":8},"end":{"line":46,"column":null}},"16":{"start":{"line":46,"column":49},"end":{"line":46,"column":65}},"17":{"start":{"line":47,"column":8},"end":{"line":47,"column":null}},"18":{"start":{"line":47,"column":42},"end":{"line":47,"column":51}},"19":{"start":{"line":50,"column":22},"end":{"line":50,"column":null}},"20":{"start":{"line":51,"column":27},"end":{"line":51,"column":null}},"21":{"start":{"line":52,"column":19},"end":{"line":52,"column":null}},"22":{"start":{"line":53,"column":19},"end":{"line":53,"column":null}},"23":{"start":{"line":56,"column":20},"end":{"line":56,"column":null}},"24":{"start":{"line":57,"column":27},"end":{"line":57,"column":null}},"25":{"start":{"line":60,"column":24},"end":{"line":60,"column":null}},"26":{"start":{"line":61,"column":23},"end":{"line":61,"column":null}},"27":{"start":{"line":62,"column":26},"end":{"line":62,"column":null}},"28":{"start":{"line":63,"column":19},"end":{"line":63,"column":null}},"29":{"start":{"line":64,"column":20},"end":{"line":64,"column":null}},"30":{"start":{"line":67,"column":23},"end":{"line":67,"column":null}},"31":{"start":{"line":68,"column":22},"end":{"line":68,"column":null}},"32":{"start":{"line":69,"column":28},"end":{"line":69,"column":null}},"33":{"start":{"line":70,"column":23},"end":{"line":70,"column":null}},"34":{"start":{"line":71,"column":27},"end":{"line":71,"column":null}},"35":{"start":{"line":74,"column":18},"end":{"line":74,"column":null}},"36":{"start":{"line":75,"column":23},"end":{"line":75,"column":null}},"37":{"start":{"line":76,"column":22},"end":{"line":76,"column":null}},"38":{"start":{"line":79,"column":24},"end":{"line":79,"column":null}},"39":{"start":{"line":80,"column":23},"end":{"line":80,"column":null}},"40":{"start":{"line":81,"column":19},"end":{"line":81,"column":null}},"41":{"start":{"line":82,"column":21},"end":{"line":82,"column":null}},"42":{"start":{"line":83,"column":17},"end":{"line":83,"column":null}},"43":{"start":{"line":84,"column":23},"end":{"line":84,"column":null}},"44":{"start":{"line":87,"column":22},"end":{"line":87,"column":null}},"45":{"start":{"line":88,"column":22},"end":{"line":88,"column":null}},"46":{"start":{"line":91,"column":8},"end":{"line":91,"column":null}},"47":{"start":{"line":92,"column":8},"end":{"line":92,"column":null}},"48":{"start":{"line":93,"column":8},"end":{"line":93,"column":null}},"49":{"start":{"line":94,"column":8},"end":{"line":94,"column":null}},"50":{"start":{"line":95,"column":8},"end":{"line":95,"column":null}},"51":{"start":{"line":96,"column":8},"end":{"line":96,"column":null}},"52":{"start":{"line":97,"column":8},"end":{"line":97,"column":null}},"53":{"start":{"line":98,"column":8},"end":{"line":98,"column":null}},"54":{"start":{"line":99,"column":8},"end":{"line":99,"column":null}},"55":{"start":{"line":100,"column":8},"end":{"line":100,"column":null}},"56":{"start":{"line":101,"column":8},"end":{"line":101,"column":null}},"57":{"start":{"line":109,"column":4},"end":{"line":113,"column":null}},"58":{"start":{"line":115,"column":8},"end":{"line":115,"column":null}},"59":{"start":{"line":118,"column":2},"end":{"line":124,"column":null}},"60":{"start":{"line":119,"column":4},"end":{"line":123,"column":null}},"61":{"start":{"line":120,"column":6},"end":{"line":120,"column":null}},"62":{"start":{"line":121,"column":11},"end":{"line":123,"column":null}},"63":{"start":{"line":122,"column":6},"end":{"line":122,"column":null}},"64":{"start":{"line":127,"column":2},"end":{"line":131,"column":null}},"65":{"start":{"line":128,"column":4},"end":{"line":130,"column":null}},"66":{"start":{"line":129,"column":6},"end":{"line":129,"column":null}},"67":{"start":{"line":133,"column":8},"end":{"line":136,"column":null}},"68":{"start":{"line":134,"column":4},"end":{"line":134,"column":null}},"69":{"start":{"line":135,"column":4},"end":{"line":135,"column":null}},"70":{"start":{"line":135,"column":21},"end":{"line":135,"column":40}},"71":{"start":{"line":138,"column":8},"end":{"line":139,"column":null}},"72":{"start":{"line":139,"column":4},"end":{"line":139,"column":null}},"73":{"start":{"line":141,"column":8},"end":{"line":142,"column":null}},"74":{"start":{"line":142,"column":4},"end":{"line":142,"column":null}},"75":{"start":{"line":144,"column":8},"end":{"line":145,"column":null}},"76":{"start":{"line":145,"column":4},"end":{"line":145,"column":null}},"77":{"start":{"line":148,"column":27},"end":{"line":193,"column":null}},"78":{"start":{"line":149,"column":4},"end":{"line":149,"column":null}},"79":{"start":{"line":149,"column":11},"end":{"line":149,"column":null}},"80":{"start":{"line":150,"column":16},"end":{"line":150,"column":null}},"81":{"start":{"line":151,"column":4},"end":{"line":151,"column":null}},"82":{"start":{"line":151,"column":16},"end":{"line":151,"column":null}},"83":{"start":{"line":153,"column":18},"end":{"line":153,"column":null}},"84":{"start":{"line":154,"column":4},"end":{"line":161,"column":null}},"85":{"start":{"line":155,"column":20},"end":{"line":155,"column":null}},"86":{"start":{"line":156,"column":24},"end":{"line":156,"column":null}},"87":{"start":{"line":157,"column":6},"end":{"line":160,"column":null}},"88":{"start":{"line":158,"column":8},"end":{"line":158,"column":null}},"89":{"start":{"line":159,"column":8},"end":{"line":159,"column":null}},"90":{"start":{"line":163,"column":23},"end":{"line":163,"column":null}},"91":{"start":{"line":164,"column":18},"end":{"line":166,"column":null}},"92":{"start":{"line":165,"column":11},"end":{"line":165,"column":null}},"93":{"start":{"line":168,"column":4},"end":{"line":177,"column":null}},"94":{"start":{"line":169,"column":6},"end":{"line":176,"column":null}},"95":{"start":{"line":170,"column":24},"end":{"line":170,"column":null}},"96":{"start":{"line":171,"column":8},"end":{"line":173,"column":null}},"97":{"start":{"line":172,"column":10},"end":{"line":172,"column":null}},"98":{"start":{"line":175,"column":8},"end":{"line":175,"column":null}},"99":{"start":{"line":179,"column":4},"end":{"line":192,"column":null}},"100":{"start":{"line":180,"column":6},"end":{"line":183,"column":null}},"101":{"start":{"line":181,"column":8},"end":{"line":181,"column":null}},"102":{"start":{"line":182,"column":8},"end":{"line":182,"column":null}},"103":{"start":{"line":184,"column":6},"end":{"line":186,"column":null}},"104":{"start":{"line":184,"column":19},"end":{"line":184,"column":22}},"105":{"start":{"line":185,"column":8},"end":{"line":185,"column":null}},"106":{"start":{"line":187,"column":6},"end":{"line":187,"column":null}},"107":{"start":{"line":188,"column":6},"end":{"line":188,"column":null}},"108":{"start":{"line":189,"column":6},"end":{"line":189,"column":null}},"109":{"start":{"line":191,"column":6},"end":{"line":191,"column":null}},"110":{"start":{"line":196,"column":29},"end":{"line":221,"column":null}},"111":{"start":{"line":197,"column":18},"end":{"line":197,"column":null}},"112":{"start":{"line":197,"column":37},"end":{"line":197,"column":85}},"113":{"start":{"line":199,"column":4},"end":{"line":208,"column":null}},"114":{"start":{"line":200,"column":6},"end":{"line":207,"column":null}},"115":{"start":{"line":201,"column":24},"end":{"line":201,"column":null}},"116":{"start":{"line":202,"column":8},"end":{"line":204,"column":null}},"117":{"start":{"line":203,"column":10},"end":{"line":203,"column":null}},"118":{"start":{"line":206,"column":8},"end":{"line":206,"column":null}},"119":{"start":{"line":210,"column":4},"end":{"line":220,"column":null}},"120":{"start":{"line":211,"column":6},"end":{"line":214,"column":null}},"121":{"start":{"line":212,"column":8},"end":{"line":212,"column":null}},"122":{"start":{"line":213,"column":8},"end":{"line":213,"column":null}},"123":{"start":{"line":215,"column":6},"end":{"line":215,"column":null}},"124":{"start":{"line":216,"column":6},"end":{"line":216,"column":null}},"125":{"start":{"line":217,"column":6},"end":{"line":217,"column":null}},"126":{"start":{"line":219,"column":6},"end":{"line":219,"column":null}},"127":{"start":{"line":223,"column":2},"end":{"line":223,"column":null}},"128":{"start":{"line":226,"column":21},"end":{"line":226,"column":null}},"129":{"start":{"line":229,"column":27},"end":{"line":229,"column":null}},"130":{"start":{"line":232,"column":8},"end":{"line":234,"column":null}},"131":{"start":{"line":233,"column":4},"end":{"line":233,"column":null}},"132":{"start":{"line":233,"column":38},"end":{"line":233,"column":72}},"133":{"start":{"line":236,"column":8},"end":{"line":240,"column":null}},"134":{"start":{"line":237,"column":4},"end":{"line":237,"column":null}},"135":{"start":{"line":237,"column":33},"end":{"line":237,"column":null}},"136":{"start":{"line":238,"column":4},"end":{"line":238,"column":null}},"137":{"start":{"line":238,"column":36},"end":{"line":238,"column":null}},"138":{"start":{"line":239,"column":4},"end":{"line":239,"column":null}},"139":{"start":{"line":242,"column":8},"end":{"line":244,"column":null}},"140":{"start":{"line":243,"column":4},"end":{"line":243,"column":null}},"141":{"start":{"line":246,"column":8},"end":{"line":248,"column":null}},"142":{"start":{"line":247,"column":4},"end":{"line":247,"column":null}},"143":{"start":{"line":250,"column":8},"end":{"line":253,"column":null}},"144":{"start":{"line":251,"column":17},"end":{"line":251,"column":null}},"145":{"start":{"line":252,"column":4},"end":{"line":252,"column":null}},"146":{"start":{"line":255,"column":8},"end":{"line":265,"column":null}},"147":{"start":{"line":256,"column":4},"end":{"line":256,"column":null}},"148":{"start":{"line":257,"column":4},"end":{"line":257,"column":null}},"149":{"start":{"line":258,"column":4},"end":{"line":258,"column":null}},"150":{"start":{"line":259,"column":4},"end":{"line":259,"column":null}},"151":{"start":{"line":260,"column":4},"end":{"line":264,"column":null}},"152":{"start":{"line":261,"column":6},"end":{"line":263,"column":null}},"153":{"start":{"line":261,"column":29},"end":{"line":261,"column":null}},"154":{"start":{"line":262,"column":11},"end":{"line":263,"column":null}},"155":{"start":{"line":262,"column":34},"end":{"line":262,"column":null}},"156":{"start":{"line":263,"column":11},"end":{"line":263,"column":null}},"157":{"start":{"line":263,"column":34},"end":{"line":263,"column":null}},"158":{"start":{"line":267,"column":8},"end":{"line":280,"column":null}},"159":{"start":{"line":268,"column":4},"end":{"line":268,"column":null}},"160":{"start":{"line":268,"column":27},"end":{"line":268,"column":null}},"161":{"start":{"line":269,"column":4},"end":{"line":272,"column":null}},"162":{"start":{"line":270,"column":19},"end":{"line":270,"column":null}},"163":{"start":{"line":271,"column":6},"end":{"line":271,"column":null}},"164":{"start":{"line":273,"column":4},"end":{"line":275,"column":null}},"165":{"start":{"line":274,"column":6},"end":{"line":274,"column":null}},"166":{"start":{"line":276,"column":4},"end":{"line":278,"column":null}},"167":{"start":{"line":277,"column":6},"end":{"line":277,"column":null}},"168":{"start":{"line":279,"column":4},"end":{"line":279,"column":null}},"169":{"start":{"line":282,"column":8},"end":{"line":309,"column":null}},"170":{"start":{"line":283,"column":4},"end":{"line":286,"column":null}},"171":{"start":{"line":284,"column":6},"end":{"line":284,"column":null}},"172":{"start":{"line":285,"column":6},"end":{"line":285,"column":null}},"173":{"start":{"line":287,"column":4},"end":{"line":307,"column":null}},"174":{"start":{"line":288,"column":19},"end":{"line":288,"column":null}},"175":{"start":{"line":289,"column":6},"end":{"line":292,"column":null}},"176":{"start":{"line":290,"column":8},"end":{"line":290,"column":null}},"177":{"start":{"line":291,"column":8},"end":{"line":291,"column":null}},"178":{"start":{"line":293,"column":11},"end":{"line":307,"column":null}},"179":{"start":{"line":294,"column":6},"end":{"line":297,"column":null}},"180":{"start":{"line":295,"column":8},"end":{"line":295,"column":null}},"181":{"start":{"line":296,"column":8},"end":{"line":296,"column":null}},"182":{"start":{"line":298,"column":6},"end":{"line":301,"column":null}},"183":{"start":{"line":299,"column":8},"end":{"line":299,"column":null}},"184":{"start":{"line":300,"column":8},"end":{"line":300,"column":null}},"185":{"start":{"line":302,"column":11},"end":{"line":307,"column":null}},"186":{"start":{"line":303,"column":6},"end":{"line":306,"column":null}},"187":{"start":{"line":304,"column":8},"end":{"line":304,"column":null}},"188":{"start":{"line":305,"column":8},"end":{"line":305,"column":null}},"189":{"start":{"line":308,"column":4},"end":{"line":308,"column":null}},"190":{"start":{"line":312,"column":32},"end":{"line":358,"column":null}},"191":{"start":{"line":313,"column":4},"end":{"line":313,"column":null}},"192":{"start":{"line":313,"column":28},"end":{"line":313,"column":null}},"193":{"start":{"line":314,"column":4},"end":{"line":314,"column":null}},"194":{"start":{"line":316,"column":4},"end":{"line":357,"column":null}},"195":{"start":{"line":317,"column":24},"end":{"line":317,"column":null}},"196":{"start":{"line":319,"column":18},"end":{"line":334,"column":null}},"197":{"start":{"line":329,"column":29},"end":{"line":333,"column":10}},"198":{"start":{"line":336,"column":6},"end":{"line":348,"column":null}},"199":{"start":{"line":350,"column":6},"end":{"line":350,"column":null}},"200":{"start":{"line":351,"column":6},"end":{"line":351,"column":null}},"201":{"start":{"line":352,"column":6},"end":{"line":352,"column":null}},"202":{"start":{"line":354,"column":6},"end":{"line":354,"column":null}},"203":{"start":{"line":356,"column":6},"end":{"line":356,"column":null}},"204":{"start":{"line":360,"column":8},"end":{"line":375,"column":null}},"205":{"start":{"line":361,"column":4},"end":{"line":361,"column":null}},"206":{"start":{"line":362,"column":4},"end":{"line":362,"column":null}},"207":{"start":{"line":363,"column":4},"end":{"line":363,"column":null}},"208":{"start":{"line":364,"column":4},"end":{"line":364,"column":null}},"209":{"start":{"line":365,"column":4},"end":{"line":365,"column":null}},"210":{"start":{"line":366,"column":4},"end":{"line":366,"column":null}},"211":{"start":{"line":367,"column":4},"end":{"line":367,"column":null}},"212":{"start":{"line":368,"column":4},"end":{"line":368,"column":null}},"213":{"start":{"line":369,"column":4},"end":{"line":369,"column":null}},"214":{"start":{"line":370,"column":4},"end":{"line":370,"column":null}},"215":{"start":{"line":371,"column":4},"end":{"line":371,"column":null}},"216":{"start":{"line":372,"column":4},"end":{"line":374,"column":null}},"217":{"start":{"line":373,"column":6},"end":{"line":373,"column":null}},"218":{"start":{"line":373,"column":23},"end":{"line":373,"column":54}},"219":{"start":{"line":377,"column":8},"end":{"line":392,"column":null}},"220":{"start":{"line":378,"column":16},"end":{"line":378,"column":null}},"221":{"start":{"line":379,"column":4},"end":{"line":391,"column":null}},"222":{"start":{"line":380,"column":6},"end":{"line":383,"column":null}},"223":{"start":{"line":381,"column":8},"end":{"line":381,"column":null}},"224":{"start":{"line":382,"column":8},"end":{"line":382,"column":null}},"225":{"start":{"line":384,"column":6},"end":{"line":384,"column":null}},"226":{"start":{"line":385,"column":6},"end":{"line":385,"column":null}},"227":{"start":{"line":386,"column":6},"end":{"line":386,"column":null}},"228":{"start":{"line":387,"column":6},"end":{"line":387,"column":null}},"229":{"start":{"line":388,"column":6},"end":{"line":388,"column":null}},"230":{"start":{"line":388,"column":32},"end":{"line":388,"column":null}},"231":{"start":{"line":388,"column":49},"end":{"line":388,"column":80}},"232":{"start":{"line":390,"column":6},"end":{"line":390,"column":null}},"233":{"start":{"line":394,"column":8},"end":{"line":408,"column":null}},"234":{"start":{"line":395,"column":16},"end":{"line":395,"column":null}},"235":{"start":{"line":396,"column":4},"end":{"line":407,"column":null}},"236":{"start":{"line":397,"column":6},"end":{"line":400,"column":null}},"237":{"start":{"line":398,"column":8},"end":{"line":398,"column":null}},"238":{"start":{"line":399,"column":8},"end":{"line":399,"column":null}},"239":{"start":{"line":401,"column":6},"end":{"line":401,"column":null}},"240":{"start":{"line":402,"column":6},"end":{"line":402,"column":null}},"241":{"start":{"line":403,"column":6},"end":{"line":403,"column":null}},"242":{"start":{"line":404,"column":6},"end":{"line":404,"column":null}},"243":{"start":{"line":404,"column":32},"end":{"line":404,"column":null}},"244":{"start":{"line":404,"column":49},"end":{"line":404,"column":80}},"245":{"start":{"line":406,"column":6},"end":{"line":406,"column":null}},"246":{"start":{"line":410,"column":31},"end":{"line":415,"column":null}},"247":{"start":{"line":411,"column":20},"end":{"line":411,"column":null}},"248":{"start":{"line":412,"column":4},"end":{"line":412,"column":null}},"249":{"start":{"line":413,"column":4},"end":{"line":413,"column":null}},"250":{"start":{"line":414,"column":4},"end":{"line":414,"column":null}},"251":{"start":{"line":418,"column":8},"end":{"line":418,"column":null}},"252":{"start":{"line":419,"column":8},"end":{"line":419,"column":null}},"253":{"start":{"line":420,"column":8},"end":{"line":420,"column":null}},"254":{"start":{"line":421,"column":8},"end":{"line":421,"column":null}},"255":{"start":{"line":423,"column":2},"end":{"line":428,"column":null}},"256":{"start":{"line":424,"column":4},"end":{"line":424,"column":null}},"257":{"start":{"line":425,"column":4},"end":{"line":425,"column":null}},"258":{"start":{"line":426,"column":4},"end":{"line":426,"column":null}},"259":{"start":{"line":427,"column":4},"end":{"line":427,"column":null}},"260":{"start":{"line":430,"column":8},"end":{"line":445,"column":null}},"261":{"start":{"line":447,"column":2},"end":{"line":479,"column":null}},"262":{"start":{"line":448,"column":4},"end":{"line":463,"column":null}},"263":{"start":{"line":481,"column":2},"end":{"line":652,"column":null}},"264":{"start":{"line":482,"column":10},"end":{"line":648,"column":null}},"265":{"start":{"line":483,"column":20},"end":{"line":483,"column":null}},"266":{"start":{"line":485,"column":6},"end":{"line":494,"column":null}},"267":{"start":{"line":486,"column":8},"end":{"line":486,"column":null}},"268":{"start":{"line":487,"column":8},"end":{"line":487,"column":null}},"269":{"start":{"line":488,"column":8},"end":{"line":488,"column":null}},"270":{"start":{"line":489,"column":8},"end":{"line":489,"column":null}},"271":{"start":{"line":490,"column":8},"end":{"line":492,"column":null}},"272":{"start":{"line":491,"column":10},"end":{"line":491,"column":null}},"273":{"start":{"line":491,"column":27},"end":{"line":491,"column":58}},"274":{"start":{"line":493,"column":8},"end":{"line":493,"column":null}},"275":{"start":{"line":496,"column":6},"end":{"line":501,"column":null}},"276":{"start":{"line":497,"column":8},"end":{"line":497,"column":null}},"277":{"start":{"line":498,"column":8},"end":{"line":498,"column":null}},"278":{"start":{"line":499,"column":8},"end":{"line":499,"column":null}},"279":{"start":{"line":500,"column":8},"end":{"line":500,"column":null}},"280":{"start":{"line":503,"column":6},"end":{"line":509,"column":null}},"281":{"start":{"line":504,"column":8},"end":{"line":507,"column":null}},"282":{"start":{"line":505,"column":10},"end":{"line":505,"column":null}},"283":{"start":{"line":506,"column":10},"end":{"line":506,"column":null}},"284":{"start":{"line":506,"column":35},"end":{"line":506,"column":75}},"285":{"start":{"line":508,"column":8},"end":{"line":508,"column":null}},"286":{"start":{"line":511,"column":23},"end":{"line":511,"column":null}},"287":{"start":{"line":512,"column":23},"end":{"line":512,"column":null}},"288":{"start":{"line":514,"column":6},"end":{"line":647,"column":null}},"289":{"start":{"line":515,"column":8},"end":{"line":519,"column":null}},"290":{"start":{"line":516,"column":10},"end":{"line":516,"column":null}},"291":{"start":{"line":517,"column":10},"end":{"line":517,"column":null}},"292":{"start":{"line":518,"column":10},"end":{"line":518,"column":null}},"293":{"start":{"line":521,"column":8},"end":{"line":525,"column":null}},"294":{"start":{"line":522,"column":10},"end":{"line":522,"column":null}},"295":{"start":{"line":523,"column":10},"end":{"line":523,"column":null}},"296":{"start":{"line":524,"column":10},"end":{"line":524,"column":null}},"297":{"start":{"line":527,"column":8},"end":{"line":532,"column":null}},"298":{"start":{"line":528,"column":10},"end":{"line":528,"column":null}},"299":{"start":{"line":529,"column":23},"end":{"line":529,"column":null}},"300":{"start":{"line":530,"column":10},"end":{"line":530,"column":null}},"301":{"start":{"line":531,"column":10},"end":{"line":531,"column":null}},"302":{"start":{"line":534,"column":8},"end":{"line":545,"column":null}},"303":{"start":{"
[...]
:10},"end":{"line":284,"column":null}},"type":"if","locations":[{"start":{"line":279,"column":10},"end":{"line":284,"column":null}},{"start":{},"end":{}}],"line":279},"28":{"loc":{"start":{"line":281,"column":12},"end":{"line":283,"column":null}},"type":"if","locations":[{"start":{"line":281,"column":12},"end":{"line":283,"column":null}},{"start":{},"end":{}}],"line":281},"29":{"loc":{"start":{"line":292,"column":15},"end":{"line":292,"column":null}},"type":"cond-expr","locations":[{"start":{"line":292,"column":33},"end":{"line":292,"column":87}},{"start":{"line":292,"column":87},"end":{"line":292,"column":null}}],"line":292}},"s":{"0":4,"1":4,"2":4,"3":4,"4":2,"5":2,"6":2,"7":1,"8":25,"9":0,"10":25,"11":25,"12":3,"13":3,"14":22,"15":22,"16":11,"17":10,"18":11,"19":11,"20":19,"21":19,"22":0,"23":19,"24":17,"25":19,"26":11,"27":11,"28":11,"29":10,"30":1,"31":10,"32":1,"33":1,"34":1,"35":10,"36":10,"37":7,"38":10,"39":5,"40":10,"41":10,"42":6,"43":10,"44":25,"45":5,"46":6,"47":5,"48":5,"49":1,"50":5,"51":5,"52":4,"53":3,"54":3,"55":3,"56":3,"57":3,"58":4,"59":4,"60":4,"61":4,"62":4,"63":4,"64":4,"65":2,"66":2,"67":1,"68":1,"69":10,"70":10,"71":10,"72":10,"73":10,"74":10,"75":10,"76":10,"77":10,"78":10,"79":4,"80":4,"81":4,"82":3,"83":3,"84":3,"85":1,"86":4,"87":1,"88":1,"89":4,"90":4,"91":4,"92":4,"93":3,"94":3,"95":2,"96":2,"97":2,"98":2,"99":2,"100":2,"101":1,"102":3,"103":3,"104":1,"105":5,"106":5,"107":5,"108":4,"109":4,"110":3,"111":3,"112":3,"113":3,"114":3,"115":3,"116":2,"117":4,"118":4,"119":1,"120":7,"121":7,"122":7,"123":6,"124":6,"125":5,"126":6,"127":6,"128":6,"129":2,"130":2,"131":1,"132":1,"133":3},"f":{"0":4,"1":2,"2":2,"3":25,"4":19,"5":1,"6":7,"7":6,"8":6,"9":5,"10":4,"11":3,"12":4,"13":1,"14":10,"15":3,"16":4,"17":2,"18":2,"19":5,"20":3,"21":3,"22":7,"23":5,"24":3},"b":{"0":[1,1],"1":[0,25],"2":[3,22],"3":[11,11],"4":[10,1],"5":[0,19],"6":[17,2],"7":[1,0],"8":[1,0],"9":[7,2],"10":[6,0],"11":[6,0],"12":[6,6],"13":[10,9],"14":[5,5],"15":[5,4],"16":[5],"17":[5],"18":[2,2],"19":[1,1],"20":[3,1],"21":[1,2],"22":[3,1],"23":[1,1],"24":[4,1],"25":[2,1],"26":[6,1],"27":[2,4],"28":[1,1],"29":[3,1]},"meta":{"lastBranch":30,"lastFunction":25,"lastStatement":134,"seen":{"s:50:39:57:Infinity":0,"s:59:39:59:Infinity":1,"s:61:13:295:Infinity":2,"f:62:2:62:Infinity":0,"s:63:19:289:Infinity":3,"f:66:6:66:26":1,"s:67:22:67:Infinity":4,"f:67:39:67:45":2,"s:67:51:67:62":5,"b:68:8:70:Infinity:undefined:undefined:undefined:undefined":0,"s:68:8:70:Infinity":6,"s:69:10:69:Infinity":7,"f:72:28:72:40":3,"b:73:8:73:Infinity:undefined:undefined:undefined:undefined":1,"s:73:8:73:Infinity":8,"s:73:43:73:Infinity":9,"s:74:8:151:Infinity":10,"b:75:10:78:Infinity:undefined:undefined:undefined:undefined":2,"s:75:10:78:Infinity":11,"s:76:12:76:Infinity":12,"s:77:12:77:Infinity":13,"s:80:32:80:Infinity":14,"b:81:10:89:Infinity:undefined:undefined:undefined:undefined":3,"s:81:10:89:Infinity":15,"b:82:12:87:Infinity:undefined:undefined:undefined:undefined":4,"s:82:12:87:Infinity":16,"s:83:14:86:Infinity":17,"s:88:12:88:Infinity":18,"s:91:16:96:Infinity":19,"f:91:16:91:34":4,"s:92:26:92:Infinity":20,"b:93:12:93:Infinity:undefined:undefined:undefined:undefined":5,"s:93:12:93:Infinity":21,"s:93:42:93:Infinity":22,"b:94:12:94:Infinity:undefined:undefined:undefined:undefined":6,"s:94:12:94:Infinity":23,"s:94:41:94:Infinity":24,"s:95:12:95:Infinity":25,"s:98:37:98:Infinity":26,"s:99:39:99:Infinity":27,"s:102:31:102:Infinity":28,"s:103:35:105:Infinity":29,"f:103:48:103:56":5,"s:104:12:104:Infinity":30,"b:104:34:104:47:104:47:104:49":7,"s:107:10:112:Infinity":31,"s:108:24:108:Infinity":32,"b:109:12:111:Infinity:undefined:undefined:undefined:undefined":8,"s:109:12:111:Infinity":33,"s:110:14:110:Infinity":34,"s:115:32:115:Infinity":35,"s:116:31:118:Infinity":36,"f:116:45:116:53":6,"s:117:12:117:Infinity":37,"b:117:34:117:51:117:51:117:53":9,"s:120:10:122:Infinity":38,"s:121:12:121:Infinity":39,"s:124:35:124:Infinity":40,"s:126:35:133:Infinity":41,"f:126:52:126:57":7,"s:126:69:133:12":42,"b:130:21:130:34:130:34:130:Infinity":10,"b:131:19:131:36:131:36:131:Infinity":11,"b:132:21:132:34:132:34:132:Infinity":12,"s:135:30:135:Infinity":43,"b:135:30:135:74:135:74:135:Infinity":13,"b:137:10:148:Infinity:143:17:148:Infinity":14,"s:137:10:148:Infinity":44,"s:138:32:138:Infinity":45,"b:138:32:138:74:138:74:138:Infinity":15,"f:138:37:138:43":8,"s:138:49:138:69":46,"s:139:12:142:Infinity":47,"s:144:12:147:Infinity":48,"s:150:10:150:Infinity":49,"f:153:24:153:31":9,"b:153:64:153:82":16,"b:153:92:153:99":17,"s:154:8:209:Infinity":50,"s:156:10:171:Infinity":51,"f:156:31:156:43":10,"s:157:12:163:Infinity":52,"f:157:65:157:73":11,"s:158:14:158:Infinity":53,"s:159:14:159:Infinity":54,"s:160:14:160:Infinity":55,"s:161:14:161:Infinity":56,"s:162:14:162:Infinity":57,"s:165:12:170:Infinity":58,"f:165:44:165:52":12,"s:166:14:166:Infinity":59,"s:167:14:167:Infinity":60,"s:168:14:168:Infinity":61,"s:169:14:169:Infinity":62,"s:174:25:174:Infinity":63,"b:175:10:194:Infinity:undefined:undefined:undefined:undefined":18,"s:175:10:194:Infinity":64,"s:176:37:176:Infinity":65,"b:177:12:193:Infinity:undefined:undefined:undefined:undefined":19,"s:177:12:193:Infinity":66,"s:178:14:192:Infinity":67,"f:178:35:178:47":13,"s:179:16:191:Infinity":68,"s:180:18:190:Infinity":69,"f:180:49:180:57":14,"s:181:20:181:Infinity":70,"s:182:20:182:Infinity":71,"s:183:20:183:Infinity":72,"s:184:20:184:Infinity":73,"s:185:20:185:Infinity":74,"s:186:20:186:Infinity":75,"s:187:20:187:Infinity":76,"s:188:20:188:Infinity":77,"s:189:20:189:Infinity":78,"s:196:10:196:Infinity":79,"s:197:10:197:Infinity":80,"b:199:10:204:Infinity:undefined:undefined:undefined:undefined":20,"s:199:10:204:Infinity":81,"s:200:26:200:Infinity":82,"f:200:43:200:49":15,"s:200:55:200:70":83,"b:201:12:203:Infinity:undefined:undefined:undefined:undefined":21,"s:201:12:203:Infinity":84,"s:202:14:202:Infinity":85,"s:205:10:205:Infinity":86,"s:207:10:207:Infinity":87,"s:208:10:208:Infinity":88,"f:211:35:211:42":16,"s:212:26:212:Infinity":89,"s:213:8:236:Infinity":90,"s:214:29:217:Infinity":91,"b:218:10:231:Infinity:undefined:undefined:undefined:undefined":22,"s:218:10:231:Infinity":92,"s:219:30:219:Infinity":93,"s:220:12:230:Infinity":94,"f:220:33:220:45":17,"s:221:14:229:Infinity":95,"f:221:30:221:38":18,"s:222:16:222:Infinity":96,"s:223:16:223:Infinity":97,"s:224:16:224:Infinity":98,"s:225:16:225:Infinity":99,"b:226:16:228:Infinity:undefined:undefined:undefined:undefined":23,"s:226:16:228:Infinity":100,"s:227:18:227:Infinity":101,"s:232:10:232:Infinity":102,"s:233:10:233:Infinity":103,"s:235:10:235:Infinity":104,"f:238:29:238:36":19,"s:239:8:262:Infinity":105,"s:240:29:243:Infinity":106,"b:244:10:257:Infinity:undefined:undefined:undefined:undefined":24,"s:244:10:257:Infinity":107,"s:245:30:245:Infinity":108,"s:246:12:256:Infinity":109,"f:246:33:246:45":20,"s:247:14:255:Infinity":110,"f:247:30:247:38":21,"s:248:16:248:Infinity":111,"s:249:16:249:Infinity":112,"s:250:16:250:Infinity":113,"s:251:16:251:Infinity":114,"b:252:16:254:Infinity:undefined:undefined:undefined:undefined":25,"s:252:16:254:Infinity":115,"s:253:18:253:Infinity":116,"s:258:10:258:Infinity":117,"s:259:10:259:Infinity":118,"s:261:10:261:Infinity":119,"f:264:22:264:29":22,"s:265:8:287:Infinity":120,"s:266:29:269:Infinity":121,"b:270:10:275:Infinity:undefined:undefined:undefined:undefined":26,"s:270:10:275:Infinity":122,"s:271:30:271:Infinity":123,"s:272:12:274:Infinity":124,"f:272:33:272:45":23,"s:273:14:273:Infinity":125,"s:276:10:276:Infinity":126,"s:277:10:277:Infinity":127,"b:279:10:284:Infinity:undefined:undefined:undefined:undefined":27,"s:279:10:284:Infinity":128,"s:280:30:280:Infinity":129,"b:281:12:283:Infinity:undefined:undefined:undefined:undefined":28,"s:281:12:283:Infinity":130,"s:282:14:282:Infinity":131,"s:286:10:286:Infinity":132,"b:292:33:292:87:292:87:292:Infinity":29,"f:292:47:292:71":24,"s:292:71:292:83":133}}}
,"/Users/shenux/Desktop/Shopbook/shopbook-pos/web/src/stores/cartStore.ts": {"path":"/Users/shenux/Desktop/Shopbook/shopbook-pos/web/src/stores/cartStore.ts","statementMap":{"0":{"start":{"line":30,"column":13},"end":{"line":87,"column":null}},"1":{"start":{"line":32,"column":19},"end":{"line":81,"column":null}},"2":{"start":{"line":37,"column":28},"end":{"line":37,"column":null}},"3":{"start":{"line":38,"column":25},"end":{"line":38,"column":null}},"4":{"start":{"line":38,"column":52},"end":{"line":38,"column":70}},"5":{"start":{"line":39,"column":8},"end":{"line":60,"column":null}},"6":{"start":{"line":40,"column":10},"end":{"line":44,"column":null}},"7":{"start":{"line":42,"column":14},"end":{"line":42,"column":null}},"8":{"start":{"line":46,"column":10},"end":{"line":59,"column":null}},"9":{"start":{"line":63,"column":28},"end":{"line":63,"column":null}},"10":{"start":{"line":64,"column":8},"end":{"line":68,"column":null}},"11":{"start":{"line":66,"column":28},"end":{"line":66,"column":97}},"12":{"start":{"line":67,"column":30},"end":{"line":67,"column":47}},"13":{"start":{"line":70,"column":23},"end":{"line":70,"column":null}},"14":{"start":{"line":71,"column":33},"end":{"line":71,"column":null}},"15":{"start":{"line":73,"column":24},"end":{"line":73,"column":null}},"16":{"start":{"line":74,"column":23},"end":{"line":76,"column":null}},"17":{"start":{"line":75,"column":17},"end":{"line":75,"column":null}},"18":{"start":{"line":77,"column":8},"end":{"line":79,"column":null}},"19":{"start":{"line":78,"column":10},"end":{"line":78,"column":null}},"20":{"start":{"line":84,"column":71},"end":{"line":84,"column":83}}},"fnMap":{"0":{"name":"(anonymous_0)","decl":{"start":{"line":31,"column":2},"end":{"line":31,"column":null}},"loc":{"start":{"line":32,"column":19},"end":{"line":81,"column":null}},"line":32},"1":{"name":"(anonymous_1)","decl":{"start":{"line":36,"column":6},"end":{"line":36,"column":20}},"loc":{"start":{"line":36,"column":66},"end":{"line":61,"column":null}},"line":36},"2":{"name":"(anonymous_2)","decl":{"start":{"line":38,"column":37},"end":{"line":38,"column":43}},"loc":{"start":{"line":38,"column":52},"end":{"line":38,"column":70}},"line":38},"3":{"name":"(anonymous_3)","decl":{"start":{"line":41,"column":30},"end":{"line":41,"column":35}},"loc":{"start":{"line":42,"column":14},"end":{"line":42,"column":null}},"line":42},"4":{"name":"(anonymous_4)","decl":{"start":{"line":62,"column":6},"end":{"line":62,"column":23}},"loc":{"start":{"line":62,"column":37},"end":{"line":69,"column":null}},"line":62},"5":{"name":"(anonymous_5)","decl":{"start":{"line":66,"column":13},"end":{"line":66,"column":18}},"loc":{"start":{"line":66,"column":28},"end":{"line":66,"column":97}},"line":66},"6":{"name":"(anonymous_6)","decl":{"start":{"line":67,"column":13},"end":{"line":67,"column":21}},"loc":{"start":{"line":67,"column":30},"end":{"line":67,"column":47}},"line":67},"7":{"name":"(anonymous_7)","decl":{"start":{"line":70,"column":6},"end":{"line":70,"column":23}},"loc":{"start":{"line":70,"column":23},"end":{"line":70,"column":null}},"line":70},"8":{"name":"(anonymous_8)","decl":{"start":{"line":71,"column":6},"end":{"line":71,"column":20}},"loc":{"start":{"line":71,"column":33},"end":{"line":71,"column":null}},"line":71},"9":{"name":"(anonymous_9)","decl":{"start":{"line":72,"column":6},"end":{"line":72,"column":26}},"loc":{"start":{"line":72,"column":39},"end":{"line":80,"column":null}},"line":72},"10":{"name":"(anonymous_10)","decl":{"start":{"line":74,"column":31},"end":{"line":74,"column":null}},"loc":{"start":{"line":75,"column":17},"end":{"line":75,"column":null}},"line":75},"11":{"name":"(anonymous_11)","decl":{"start":{"line":84,"column":47},"end":{"line":84,"column":71}},"loc":{"start":{"line":84,"column":71},"end":{"line":84,"column":83}},"line":84}},"branchMap":{"0":{"loc":{"start":{"line":36,"column":33},"end":{"line":36,"column":46}},"type":"default-arg","locations":[{"start":{"line":36,"column":40},"end":{"line":36,"column":46}}],"line":36},"1":{"loc":{"start":{"line":36,"column":51},"end":{"line":36,"column":66}},"type":"default-arg","locations":[{"start":{"line":36,"column":59},"end":{"line":36,"column":66}}],"line":36},"2":{"loc":{"start":{"line":39,"column":8},"end":{"line":60,"column":null}},"type":"if","locations":[{"start":{"line":39,"column":8},"end":{"line":60,"column":null}},{"start":{"line":45,"column":15},"end":{"line":60,"column":null}}],"line":39},"3":{"loc":{"start":{"line":42,"column":14},"end":{"line":42,"column":null}},"type":"cond-expr","locations":[{"start":{"line":42,"column":35},"end":{"line":42,"column":78}},{"start":{"line":42,"column":78},"end":{"line":42,"column":null}}],"line":42},"4":{"loc":{"start":{"line":55,"column":21},"end":{"line":55,"column":null}},"type":"binary-expr","locations":[{"start":{"line":55,"column":21},"end":{"line":55,"column":28}},{"start":{"line":55,"column":28},"end":{"line":55,"column":null}}],"line":55},"5":{"loc":{"start":{"line":66,"column":28},"end":{"line":66,"column":97}},"type":"cond-expr","locations":[{"start":{"line":66,"column":45},"end":{"line":66,"column":92}},{"start":{"line":66,"column":92},"end":{"line":66,"column":97}}],"line":66},"6":{"loc":{"start":{"line":73,"column":24},"end":{"line":73,"column":null}},"type":"binary-expr","locations":[{"start":{"line":73,"column":24},"end":{"line":73,"column":49}},{"start":{"line":73,"column":49},"end":{"line":73,"column":null}}],"line":73},"7":{"loc":{"start":{"line":75,"column":17},"end":{"line":75,"column":null}},"type":"binary-expr","locations":[{"start":{"line":75,"column":17},"end":{"line":75,"column":73}},{"start":{"line":75,"column":73},"end":{"line":75,"column":null}}],"line":75},"8":{"loc":{"start":{"line":77,"column":8},"end":{"line":79,"column":null}},"type":"if","locations":[{"start":{"line":77,"column":8},"end":{"line":79,"column":null}},{"start":{},"end":{}}],"line":77},"9":{"loc":{"start":{"line":84,"column":15},"end":{"line":84,"column":null}},"type":"cond-expr","locations":[{"start":{"line":84,"column":33},"end":{"line":84,"column":87}},{"start":{"line":84,"column":87},"end":{"line":84,"column":null}}],"line":84}},"s":{"0":3,"1":3,"2":15,"3":15,"4":6,"5":15,"6":4,"7":5,"8":11,"9":9,"10":9,"11":10,"12":10,"13":60,"14":5,"15":5,"16":5,"17":2,"18":5,"19":4,"20":2},"f":{"0":3,"1":15,"2":6,"3":5,"4":9,"5":10,"6":10,"7":60,"8":5,"9":5,"10":2,"11":2},"b":{"0":[15],"1":[15],"2":[4,11],"3":[4,1],"4":[11,5],"5":[10,0],"6":[5,1],"7":[2,2],"8":[4,1],"9":[2,1]},"meta":{"lastBranch":10,"lastFunction":12,"lastStatement":21,"seen":{"s:30:13:87:Infinity":0,"f:31:2:31:Infinity":0,"s:32:19:81:Infinity":1,"f:36:6:36:20":1,"b:36:40:36:46":0,"b:36:59:36:66":1,"s:37:28:37:Infinity":2,"s:38:25:38:Infinity":3,"f:38:37:38:43":2,"s:38:52:38:70":4,"b:39:8:60:Infinity:45:15:60:Infinity":2,"s:39:8:60:Infinity":5,"s:40:10:44:Infinity":6,"f:41:30:41:35":3,"s:42:14:42:Infinity":7,"b:42:35:42:78:42:78:42:Infinity":3,"s:46:10:59:Infinity":8,"b:55:21:55:28:55:28:55:Infinity":4,"f:62:6:62:23":4,"s:63:28:63:Infinity":9,"s:64:8:68:Infinity":10,"f:66:13:66:18":5,"s:66:28:66:97":11,"b:66:45:66:92:66:92:66:97":5,"f:67:13:67:21":6,"s:67:30:67:47":12,"f:70:6:70:23":7,"s:70:23:70:Infinity":13,"f:71:6:71:20":8,"s:71:33:71:Infinity":14,"f:72:6:72:26":9,"s:73:24:73:Infinity":15,"b:73:24:73:49:73:49:73:Infinity":6,"s:74:23:76:Infinity":16,"f:74:31:74:Infinity":10,"s:75:17:75:Infinity":17,"b:75:17:75:73:75:73:75:Infinity":7,"b:77:8:79:Infinity:undefined:undefined:undefined:undefined":8,"s:77:8:79:Infinity":18,"s:78:10:78:Infinity":19,"b:84:33:84:87:84:87:84:Infinity":9,"f:84:47:84:71":11,"s:84:71:84:83":20}}}
,"/Users/shenux/Desktop/Shopbook/shopbook-pos/web/src/stores/settingsStore.ts": {"path":"/Users/shenux/Desktop/Shopbook/shopbook-pos/web/src/stores/settingsStore.ts","statementMap":{"0":{"start":{"line":25,"column":13},"end":{"line":47,"column":null}},"1":{"start":{"line":27,"column":14},"end":{"line":41,"column":null}},"2":{"start":{"line":34,"column":26},"end":{"line":34,"column":null}},"3":{"start":{"line":34,"column":42},"end":{"line":34,"column":86}},"4":{"start":{"line":35,"column":37},"end":{"line":35,"column":null}},"5":{"start":{"line":36,"column":37},"end":{"line":36,"column":null}},"6":{"start":{"line":37,"column":27},"end":{"line":37,"column":null}},"7":{"start":{"line":37,"column":43},"end":{"line":37,"column":85}},"8":{"start":{"line":38,"column":31},"end":{"line":38,"column":null}},"9":{"start":{"line":39,"column":28},"end":{"line":39,"column":null}},"10":{"start":{"line":40,"column":38},"end":{"line":40,"column":null}},"11":{"start":{"line":44,"column":71},"end":{"line":44,"column":83}}},"fnMap":{"0":{"name":"(anonymous_0)","decl":{"start":{"line":26,"column":2},"end":{"line":26,"column":null}},"loc":{"start":{"line":27,"column":14},"end":{"line":41,"column":null}},"line":27},"1":{"name":"(anonymous_1)","decl":{"start":{"line":34,"column":6},"end":{"line":34,"column":26}},"loc":{"start":{"line":34,"column":26},"end":{"line":34,"column":null}},"line":34},"2":{"name":"(anonymous_2)","decl":{"start":{"line":34,"column":26},"end":{"line":34,"column":31}},"loc":{"start":{"line":34,"column":42},"end":{"line":34,"column":86}},"line":34},"3":{"name":"(anonymous_3)","decl":{"start":{"line":35,"column":6},"end":{"line":35,"column":25}},"loc":{"start":{"line":35,"column":37},"end":{"line":35,"column":null}},"line":35},"4":{"name":"(anonymous_4)","decl":{"start":{"line":36,"column":6},"end":{"line":36,"column":25}},"loc":{"start":{"line":36,"column":37},"end":{"line":36,"column":null}},"line":36},"5":{"name":"(anonymous_5)","decl":{"start":{"line":37,"column":6},"end":{"line":37,"column":27}},"loc":{"start":{"line":37,"column":27},"end":{"line":37,"column":null}},"line":37},"6":{"name":"(anonymous_6)","decl":{"start":{"line":37,"column":27},"end":{"line":37,"column":32}},"loc":{"start":{"line":37,"column":43},"end":{"line":37,"column":85}},"line":37},"7":{"name":"(anonymous_7)","decl":{"start":{"line":38,"column":6},"end":{"line":38,"column":19}},"loc":{"start":{"line":38,"column":31},"end":{"line":38,"column":null}},"line":38},"8":{"name":"(anonymous_8)","decl":{"start":{"line":39,"column":6},"end":{"line":39,"column":19}},"loc":{"start":{"line":39,"column":28},"end":{"line":39,"column":null}},"line":39},"9":{"name":"(anonymous_9)","decl":{"start":{"line":40,"column":6},"end":{"line":40,"column":26}},"loc":{"start":{"line":40,"column":38},"end":{"line":40,"column":null}},"line":40},"10":{"name":"(anonymous_10)","decl":{"start":{"line":44,"column":47},"end":{"line":44,"column":71}},"loc":{"start":{"line":44,"column":71},"end":{"line":44,"column":83}},"line":44}},"branchMap":{"0":{"loc":{"start":{"line":44,"column":15},"end":{"line":44,"column":null}},"type":"cond-expr","locations":[{"start":{"line":44,"column":33},"end":{"line":44,"column":87}},{"start":{"line":44,"column":87},"end":{"line":44,"column":null}}],"line":44}},"s":{"0":3,"1":3,"2":2,"3":2,"4":1,"5":2,"6":1,"7":1,"8":1,"9":1,"10":1,"11":2},"f":{"0":3,"1":2,"2":2,"3":1,"4":2,"5":1,"6":1,"7":1,"8":1,"9":1,"10":2},"b":{"0":[2,1]},"meta":{"lastBranch":1,"lastFunction":11,"lastStatement":12,"seen":{"s:25:13:47:Infinity":0,"f:26:2:26:Infinity":0,"s:27:14:41:Infinity":1,"f:34:6:34:26":1,"s:34:26:34:Infinity":2,"f:34:26:34:31":2,"s:34:42:34:86":3,"f:35:6:35:25":3,"s:35:37:35:Infinity":4,"f:36:6:36:25":4,"s:36:37:36:Infinity":5,"f:37:6:37:27":5,"s:37:27:37:Infinity":6,"f:37:27:37:32":6,"s:37:43:37:85":7,"f:38:6:38:19":7,"s:38:31:38:Infinity":8,"f:39:6:39:19":8,"s:39:28:39:Infinity":9,"f:40:6:40:26":9,"s:40:38:40:Infinity":10,"b:44:33:44:87:44:87:44:Infinity":0,"f:44:47:44:71":10,"s:44:71:44:83":11}}}
,"/Users/shenux/Desktop/Shopbook/shopbook-pos/web/src/utils/seedProducts.ts": {"path":"/Users/shenux/Desktop/Shopbook/shopbook-pos/web/src/utils/seedProducts.ts","statementMap":{"0":{"start":{"line":1,"column":32},"end":{"line":102,"column":null}}},"fnMap":{},"branchMap":{},"s":{"0":4},"f":{},"b":{},"meta":{"lastBranch":0,"lastFunction":0,"lastStatement":1,"seen":{"s:1:32:102:Infinity":0}}}
}
